{"C:\\CC\\Code\\Bank-App\\app.js": {"path":"C:\\CC\\Code\\Bank-App\\app.js","statementMap":{"0":{"start":{"line":1,"column":0},"end":{"line":1,"column":27}},"1":{"start":{"line":2,"column":16},"end":{"line":2,"column":34}},"2":{"start":{"line":3,"column":14},"end":{"line":3,"column":30}},"3":{"start":{"line":4,"column":17},"end":{"line":4,"column":32}},"4":{"start":{"line":5,"column":15},"end":{"line":5,"column":32}},"5":{"start":{"line":6,"column":16},"end":{"line":6,"column":42}},"6":{"start":{"line":7,"column":11},"end":{"line":7,"column":37}},"7":{"start":{"line":8,"column":30},"end":{"line":8,"column":67}},"8":{"start":{"line":9,"column":19},"end":{"line":9,"column":50}},"9":{"start":{"line":10,"column":19},"end":{"line":10,"column":50}},"10":{"start":{"line":11,"column":22},"end":{"line":11,"column":56}},"11":{"start":{"line":12,"column":21},"end":{"line":12,"column":54}},"12":{"start":{"line":13,"column":20},"end":{"line":13,"column":52}},"13":{"start":{"line":14,"column":27},"end":{"line":14,"column":67}},"14":{"start":{"line":15,"column":21},"end":{"line":15,"column":45}},"15":{"start":{"line":16,"column":35},"end":{"line":16,"column":75}},"16":{"start":{"line":18,"column":31},"end":{"line":18,"column":69}},"17":{"start":{"line":19,"column":22},"end":{"line":19,"column":55}},"18":{"start":{"line":21,"column":12},"end":{"line":21,"column":21}},"19":{"start":{"line":23,"column":0},"end":{"line":23,"column":26}},"20":{"start":{"line":25,"column":0},"end":{"line":25,"column":18}},"21":{"start":{"line":26,"column":0},"end":{"line":42,"column":2}},"22":{"start":{"line":43,"column":0},"end":{"line":43,"column":43}},"23":{"start":{"line":44,"column":0},"end":{"line":44,"column":47}},"24":{"start":{"line":45,"column":0},"end":{"line":45,"column":58}},"25":{"start":{"line":47,"column":0},"end":{"line":47,"column":30}},"26":{"start":{"line":48,"column":0},"end":{"line":48,"column":43}},"27":{"start":{"line":49,"column":0},"end":{"line":49,"column":34}},"28":{"start":{"line":50,"column":0},"end":{"line":50,"column":36}},"29":{"start":{"line":51,"column":0},"end":{"line":51,"column":48}},"30":{"start":{"line":52,"column":0},"end":{"line":52,"column":24}},"31":{"start":{"line":53,"column":0},"end":{"line":53,"column":39}},"32":{"start":{"line":55,"column":0},"end":{"line":66,"column":2}},"33":{"start":{"line":68,"column":0},"end":{"line":79,"column":1}},"34":{"start":{"line":70,"column":2},"end":{"line":75,"column":5}},"35":{"start":{"line":71,"column":4},"end":{"line":73,"column":5}},"36":{"start":{"line":72,"column":6},"end":{"line":72,"column":46}},"37":{"start":{"line":72,"column":28},"end":{"line":72,"column":45}},"38":{"start":{"line":74,"column":4},"end":{"line":74,"column":11}},"39":{"start":{"line":77,"column":25},"end":{"line":77,"column":93}},"40":{"start":{"line":78,"column":2},"end":{"line":78,"column":26}},"41":{"start":{"line":82,"column":0},"end":{"line":82,"column":19}},"42":{"start":{"line":83,"column":0},"end":{"line":83,"column":20}},"43":{"start":{"line":84,"column":0},"end":{"line":84,"column":20}},"44":{"start":{"line":85,"column":0},"end":{"line":85,"column":23}},"45":{"start":{"line":86,"column":0},"end":{"line":86,"column":22}},"46":{"start":{"line":87,"column":0},"end":{"line":87,"column":21}},"47":{"start":{"line":88,"column":0},"end":{"line":88,"column":28}},"48":{"start":{"line":92,"column":21},"end":{"line":92,"column":44}},"49":{"start":{"line":93,"column":2},"end":{"line":95,"column":3}},"50":{"start":{"line":94,"column":4},"end":{"line":94,"column":18}},"51":{"start":{"line":96,"column":2},"end":{"line":96,"column":43}},"52":{"start":{"line":98,"column":0},"end":{"line":100,"column":3}},"53":{"start":{"line":99,"column":2},"end":{"line":99,"column":31}},"54":{"start":{"line":101,"column":0},"end":{"line":101,"column":32}},"55":{"start":{"line":103,"column":0},"end":{"line":114,"column":1}},"56":{"start":{"line":104,"column":2},"end":{"line":113,"column":7}},"57":{"start":{"line":106,"column":19},"end":{"line":106,"column":43}},"58":{"start":{"line":107,"column":6},"end":{"line":109,"column":9}},"59":{"start":{"line":108,"column":8},"end":{"line":108,"column":57}},"60":{"start":{"line":112,"column":6},"end":{"line":112,"column":57}},"61":{"start":{"line":116,"column":0},"end":{"line":116,"column":21}}},"fnMap":{"0":{"name":"(anonymous_0)","decl":{"start":{"line":70,"column":10},"end":{"line":70,"column":11}},"loc":{"start":{"line":70,"column":30},"end":{"line":75,"column":3}},"line":70},"1":{"name":"(anonymous_1)","decl":{"start":{"line":72,"column":22},"end":{"line":72,"column":23}},"loc":{"start":{"line":72,"column":28},"end":{"line":72,"column":45}},"line":72},"2":{"name":"requireAdmin","decl":{"start":{"line":91,"column":9},"end":{"line":91,"column":21}},"loc":{"start":{"line":91,"column":38},"end":{"line":97,"column":1}},"line":91},"3":{"name":"(anonymous_3)","decl":{"start":{"line":98,"column":46},"end":{"line":98,"column":47}},"loc":{"start":{"line":98,"column":60},"end":{"line":100,"column":1}},"line":98},"4":{"name":"(anonymous_4)","decl":{"start":{"line":105,"column":10},"end":{"line":105,"column":11}},"loc":{"start":{"line":105,"column":16},"end":{"line":110,"column":5}},"line":105},"5":{"name":"(anonymous_5)","decl":{"start":{"line":107,"column":34},"end":{"line":107,"column":35}},"loc":{"start":{"line":107,"column":40},"end":{"line":109,"column":7}},"line":107},"6":{"name":"(anonymous_6)","decl":{"start":{"line":111,"column":11},"end":{"line":111,"column":12}},"loc":{"start":{"line":111,"column":22},"end":{"line":113,"column":5}},"line":111}},"branchMap":{"0":{"loc":{"start":{"line":68,"column":0},"end":{"line":79,"column":1}},"type":"if","locations":[{"start":{"line":68,"column":0},"end":{"line":79,"column":1}},{"start":{"line":76,"column":7},"end":{"line":79,"column":1}}],"line":68},"1":{"loc":{"start":{"line":71,"column":4},"end":{"line":73,"column":5}},"type":"if","locations":[{"start":{"line":71,"column":4},"end":{"line":73,"column":5}},{"start":{},"end":{}}],"line":71},"2":{"loc":{"start":{"line":93,"column":2},"end":{"line":95,"column":3}},"type":"if","locations":[{"start":{"line":93,"column":2},"end":{"line":95,"column":3}},{"start":{},"end":{}}],"line":93},"3":{"loc":{"start":{"line":93,"column":6},"end":{"line":93,"column":75}},"type":"binary-expr","locations":[{"start":{"line":93,"column":6},"end":{"line":93,"column":21}},{"start":{"line":93,"column":25},"end":{"line":93,"column":35}},{"start":{"line":93,"column":39},"end":{"line":93,"column":75}}],"line":93},"4":{"loc":{"start":{"line":103,"column":0},"end":{"line":114,"column":1}},"type":"if","locations":[{"start":{"line":103,"column":0},"end":{"line":114,"column":1}},{"start":{},"end":{}}],"line":103},"5":{"loc":{"start":{"line":106,"column":19},"end":{"line":106,"column":43}},"type":"binary-expr","locations":[{"start":{"line":106,"column":19},"end":{"line":106,"column":35}},{"start":{"line":106,"column":39},"end":{"line":106,"column":43}}],"line":106}},"s":{"0":5,"1":5,"2":5,"3":5,"4":5,"5":5,"6":5,"7":5,"8":5,"9":5,"10":5,"11":5,"12":5,"13":5,"14":5,"15":5,"16":5,"17":5,"18":5,"19":5,"20":5,"21":5,"22":5,"23":5,"24":5,"25":5,"26":5,"27":5,"28":5,"29":5,"30":5,"31":5,"32":5,"33":5,"34":5,"35":7,"36":7,"37":0,"38":7,"39":0,"40":0,"41":5,"42":5,"43":5,"44":5,"45":5,"46":5,"47":5,"48":0,"49":0,"50":0,"51":0,"52":5,"53":0,"54":5,"55":5,"56":0,"57":0,"58":0,"59":0,"60":0,"61":5},"f":{"0":7,"1":0,"2":0,"3":0,"4":0,"5":0,"6":0},"b":{"0":[5,0],"1":[7,0],"2":[0,0],"3":[0,0,0],"4":[0,5],"5":[0,0]},"_coverageSchema":"1a1c01bbd47fc00a2c39e90264f33305004495a9","hash":"fb0fd7db6d0c1a753aaa2c2408eda440d4743d92"}
,"C:\\CC\\Code\\Bank-App\\controllers\\account.controller.js": {"path":"C:\\CC\\Code\\Bank-App\\controllers\\account.controller.js","statementMap":{"0":{"start":{"line":1,"column":16},"end":{"line":1,"column":34}},"1":{"start":{"line":2,"column":17},"end":{"line":2,"column":37}},"2":{"start":{"line":3,"column":20},"end":{"line":3,"column":37}},"3":{"start":{"line":4,"column":11},"end":{"line":4,"column":38}},"4":{"start":{"line":5,"column":17},"end":{"line":5,"column":33}},"5":{"start":{"line":6,"column":20},"end":{"line":6,"column":58}},"6":{"start":{"line":7,"column":18},"end":{"line":7,"column":43}},"7":{"start":{"line":9,"column":24},"end":{"line":35,"column":1}},"8":{"start":{"line":10,"column":19},"end":{"line":10,"column":34}},"9":{"start":{"line":11,"column":25},"end":{"line":14,"column":52}},"10":{"start":{"line":15,"column":2},"end":{"line":17,"column":3}},"11":{"start":{"line":16,"column":4},"end":{"line":16,"column":78}},"12":{"start":{"line":18,"column":2},"end":{"line":20,"column":3}},"13":{"start":{"line":19,"column":4},"end":{"line":19,"column":78}},"14":{"start":{"line":21,"column":2},"end":{"line":28,"column":3}},"15":{"start":{"line":22,"column":4},"end":{"line":27,"column":7}},"16":{"start":{"line":29,"column":2},"end":{"line":34,"column":5}},"17":{"start":{"line":36,"column":21},"end":{"line":82,"column":1}},"18":{"start":{"line":37,"column":2},"end":{"line":81,"column":3}},"19":{"start":{"line":38,"column":19},"end":{"line":38,"column":46}},"20":{"start":{"line":39,"column":21},"end":{"line":39,"column":36}},"21":{"start":{"line":40,"column":20},"end":{"line":43,"column":54}},"22":{"start":{"line":45,"column":4},"end":{"line":47,"column":5}},"23":{"start":{"line":46,"column":6},"end":{"line":46,"column":55}},"24":{"start":{"line":49,"column":27},"end":{"line":49,"column":54}},"25":{"start":{"line":50,"column":27},"end":{"line":50,"column":50}},"26":{"start":{"line":51,"column":4},"end":{"line":57,"column":8}},"27":{"start":{"line":58,"column":30},"end":{"line":65,"column":5}},"28":{"start":{"line":66,"column":4},"end":{"line":66,"column":40}},"29":{"start":{"line":67,"column":4},"end":{"line":75,"column":5}},"30":{"start":{"line":68,"column":6},"end":{"line":72,"column":8}},"31":{"start":{"line":74,"column":6},"end":{"line":74,"column":56}},"32":{"start":{"line":77,"column":4},"end":{"line":77,"column":26}},"33":{"start":{"line":79,"column":4},"end":{"line":79,"column":52}},"34":{"start":{"line":80,"column":4},"end":{"line":80,"column":50}},"35":{"start":{"line":84,"column":23},"end":{"line":110,"column":1}},"36":{"start":{"line":85,"column":19},"end":{"line":85,"column":34}},"37":{"start":{"line":86,"column":25},"end":{"line":89,"column":52}},"38":{"start":{"line":90,"column":2},"end":{"line":92,"column":3}},"39":{"start":{"line":91,"column":4},"end":{"line":91,"column":78}},"40":{"start":{"line":93,"column":2},"end":{"line":95,"column":3}},"41":{"start":{"line":94,"column":4},"end":{"line":94,"column":78}},"42":{"start":{"line":96,"column":2},"end":{"line":103,"column":3}},"43":{"start":{"line":97,"column":4},"end":{"line":102,"column":7}},"44":{"start":{"line":104,"column":2},"end":{"line":109,"column":5}},"45":{"start":{"line":112,"column":29},"end":{"line":121,"column":1}},"46":{"start":{"line":113,"column":16},"end":{"line":113,"column":40}},"47":{"start":{"line":114,"column":2},"end":{"line":116,"column":3}},"48":{"start":{"line":115,"column":4},"end":{"line":115,"column":17}},"49":{"start":{"line":118,"column":33},"end":{"line":118,"column":73}},"50":{"start":{"line":120,"column":2},"end":{"line":120,"column":50}},"51":{"start":{"line":123,"column":20},"end":{"line":211,"column":1}},"52":{"start":{"line":124,"column":2},"end":{"line":210,"column":3}},"53":{"start":{"line":125,"column":19},"end":{"line":125,"column":46}},"54":{"start":{"line":126,"column":21},"end":{"line":126,"column":36}},"55":{"start":{"line":127,"column":34},"end":{"line":127,"column":64}},"56":{"start":{"line":128,"column":26},"end":{"line":131,"column":54}},"57":{"start":{"line":132,"column":4},"end":{"line":134,"column":5}},"58":{"start":{"line":133,"column":6},"end":{"line":133,"column":63}},"59":{"start":{"line":135,"column":28},"end":{"line":138,"column":56}},"60":{"start":{"line":139,"column":4},"end":{"line":141,"column":5}},"61":{"start":{"line":140,"column":6},"end":{"line":140,"column":63}},"62":{"start":{"line":142,"column":4},"end":{"line":144,"column":5}},"63":{"start":{"line":143,"column":6},"end":{"line":143,"column":58}},"64":{"start":{"line":145,"column":4},"end":{"line":147,"column":5}},"65":{"start":{"line":146,"column":6},"end":{"line":146,"column":74}},"66":{"start":{"line":148,"column":33},"end":{"line":148,"column":66}},"67":{"start":{"line":149,"column":4},"end":{"line":151,"column":5}},"68":{"start":{"line":150,"column":6},"end":{"line":150,"column":61}},"69":{"start":{"line":152,"column":35},"end":{"line":152,"column":70}},"70":{"start":{"line":153,"column":34},"end":{"line":153,"column":65}},"71":{"start":{"line":154,"column":33},"end":{"line":154,"column":62}},"72":{"start":{"line":155,"column":4},"end":{"line":165,"column":5}},"73":{"start":{"line":156,"column":6},"end":{"line":162,"column":10}},"74":{"start":{"line":164,"column":6},"end":{"line":164,"column":60}},"75":{"start":{"line":166,"column":4},"end":{"line":172,"column":8}},"76":{"start":{"line":173,"column":28},"end":{"line":180,"column":5}},"77":{"start":{"line":181,"column":4},"end":{"line":181,"column":38}},"78":{"start":{"line":182,"column":4},"end":{"line":190,"column":5}},"79":{"start":{"line":183,"column":6},"end":{"line":187,"column":8}},"80":{"start":{"line":189,"column":6},"end":{"line":189,"column":63}},"81":{"start":{"line":191,"column":21},"end":{"line":194,"column":61}},"82":{"start":{"line":195,"column":4},"end":{"line":205,"column":5}},"83":{"start":{"line":196,"column":6},"end":{"line":204,"column":7}},"84":{"start":{"line":197,"column":8},"end":{"line":201,"column":10}},"85":{"start":{"line":203,"column":8},"end":{"line":203,"column":67}},"86":{"start":{"line":206,"column":4},"end":{"line":206,"column":26}},"87":{"start":{"line":208,"column":4},"end":{"line":208,"column":52}},"88":{"start":{"line":209,"column":4},"end":{"line":209,"column":50}},"89":{"start":{"line":212,"column":24},"end":{"line":271,"column":1}},"90":{"start":{"line":213,"column":19},"end":{"line":213,"column":34}},"91":{"start":{"line":214,"column":25},"end":{"line":217,"column":52}},"92":{"start":{"line":218,"column":2},"end":{"line":220,"column":3}},"93":{"start":{"line":219,"column":4},"end":{"line":219,"column":78}},"94":{"start":{"line":221,"column":2},"end":{"line":223,"column":3}},"95":{"start":{"line":222,"column":4},"end":{"line":222,"column":78}},"96":{"start":{"line":224,"column":23},"end":{"line":226,"column":3}},"97":{"start":{"line":228,"column":18},"end":{"line":235,"column":3}},"98":{"start":{"line":236,"column":29},"end":{"line":236,"column":38}},"99":{"start":{"line":237,"column":2},"end":{"line":244,"column":5}},"100":{"start":{"line":238,"column":21},"end":{"line":238,"column":75}},"101":{"start":{"line":239,"column":4},"end":{"line":239,"column":42}},"102":{"start":{"line":240,"column":4},"end":{"line":240,"column":92}},"103":{"start":{"line":241,"column":14},"end":{"line":241,"column":30}},"104":{"start":{"line":242,"column":4},"end":{"line":242,"column":57}},"105":{"start":{"line":243,"column":4},"end":{"line":243,"column":87}},"106":{"start":{"line":243,"column":36},"end":{"line":243,"column":87}},"107":{"start":{"line":245,"column":30},"end":{"line":249,"column":14}},"108":{"start":{"line":250,"column":18},"end":{"line":250,"column":74}},"109":{"start":{"line":250,"column":49},"end":{"line":250,"column":57}},"110":{"start":{"line":251,"column":27},"end":{"line":255,"column":14}},"111":{"start":{"line":256,"column":21},"end":{"line":256,"column":82}},"112":{"start":{"line":256,"column":60},"end":{"line":256,"column":80}},"113":{"start":{"line":257,"column":18},"end":{"line":257,"column":74}},"114":{"start":{"line":257,"column":54},"end":{"line":257,"column":72}},"115":{"start":{"line":258,"column":2},"end":{"line":265,"column":5}},"116":{"start":{"line":259,"column":16},"end":{"line":259,"column":58}},"117":{"start":{"line":260,"column":4},"end":{"line":264,"column":5}},"118":{"start":{"line":261,"column":16},"end":{"line":261,"column":47}},"119":{"start":{"line":262,"column":6},"end":{"line":262,"column":42}},"120":{"start":{"line":263,"column":6},"end":{"line":263,"column":44}},"121":{"start":{"line":266,"column":2},"end":{"line":270,"column":5}},"122":{"start":{"line":273,"column":30},"end":{"line":319,"column":1}},"123":{"start":{"line":274,"column":2},"end":{"line":318,"column":3}},"124":{"start":{"line":275,"column":21},"end":{"line":275,"column":36}},"125":{"start":{"line":276,"column":33},"end":{"line":279,"column":54}},"126":{"start":{"line":280,"column":26},"end":{"line":280,"column":50}},"127":{"start":{"line":281,"column":4},"end":{"line":283,"column":5}},"128":{"start":{"line":282,"column":6},"end":{"line":282,"column":36}},"129":{"start":{"line":284,"column":4},"end":{"line":286,"column":5}},"130":{"start":{"line":285,"column":6},"end":{"line":285,"column":36}},"131":{"start":{"line":287,"column":24},"end":{"line":290,"column":52}},"132":{"start":{"line":291,"column":4},"end":{"line":293,"column":5}},"133":{"start":{"line":292,"column":6},"end":{"line":292,"column":36}},"134":{"start":{"line":294,"column":35},"end":{"line":297,"column":68}},"135":{"start":{"line":298,"column":4},"end":{"line":300,"column":5}},"136":{"start":{"line":299,"column":6},"end":{"line":299,"column":43}},"137":{"start":{"line":301,"column":25},"end":{"line":304,"column":68}},"138":{"start":{"line":305,"column":4},"end":{"line":307,"column":5}},"139":{"start":{"line":306,"column":6},"end":{"line":306,"column":43}},"140":{"start":{"line":308,"column":4},"end":{"line":315,"column":7}},"141":{"start":{"line":317,"column":4},"end":{"line":317,"column":37}},"142":{"start":{"line":320,"column":21},"end":{"line":424,"column":1}},"143":{"start":{"line":321,"column":19},"end":{"line":321,"column":34}},"144":{"start":{"line":322,"column":25},"end":{"line":325,"column":52}},"145":{"start":{"line":326,"column":2},"end":{"line":328,"column":3}},"146":{"start":{"line":327,"column":4},"end":{"line":327,"column":34}},"147":{"start":{"line":329,"column":2},"end":{"line":331,"column":3}},"148":{"start":{"line":330,"column":4},"end":{"line":330,"column":34}},"149":{"start":{"line":332,"column":23},"end":{"line":334,"column":3}},"150":{"start":{"line":335,"column":2},"end":{"line":348,"column":3}},"151":{"start":{"line":340,"column":4},"end":{"line":347,"column":7}},"152":{"start":{"line":349,"column":18},"end":{"line":358,"column":3}},"153":{"start":{"line":359,"column":2},"end":{"line":359,"column":67}},"154":{"start":{"line":359,"column":30},"end":{"line":359,"column":65}},"155":{"start":{"line":360,"column":31},"end":{"line":360,"column":61}},"156":{"start":{"line":361,"column":30},"end":{"line":363,"column":3}},"157":{"start":{"line":365,"column":4},"end":{"line":371,"column":6}},"158":{"start":{"line":373,"column":4},"end":{"line":379,"column":6}},"159":{"start":{"line":381,"column":29},"end":{"line":381,"column":38}},"160":{"start":{"line":382,"column":2},"end":{"line":388,"column":5}},"161":{"start":{"line":383,"column":28},"end":{"line":383,"column":44}},"162":{"start":{"line":384,"column":4},"end":{"line":384,"column":71}},"163":{"start":{"line":385,"column":21},"end":{"line":385,"column":75}},"164":{"start":{"line":386,"column":24},"end":{"line":386,"column":82}},"165":{"start":{"line":387,"column":4},"end":{"line":387,"column":57}},"166":{"start":{"line":387,"column":21},"end":{"line":387,"column":57}},"167":{"start":{"line":390,"column":30},"end":{"line":394,"column":14}},"168":{"start":{"line":395,"column":18},"end":{"line":395,"column":74}},"169":{"start":{"line":395,"column":49},"end":{"line":395,"column":57}},"170":{"start":{"line":396,"column":27},"end":{"line":400,"column":14}},"171":{"start":{"line":401,"column":21},"end":{"line":401,"column":82}},"172":{"start":{"line":401,"column":60},"end":{"line":401,"column":80}},"173":{"start":{"line":402,"column":18},"end":{"line":402,"column":74}},"174":{"start":{"line":402,"column":54},"end":{"line":402,"column":72}},"175":{"start":{"line":403,"column":2},"end":{"line":412,"column":5}},"176":{"start":{"line":404,"column":21},"end":{"line":404,"column":75}},"177":{"start":{"line":405,"column":26},"end":{"line":405,"column":84}},"178":{"start":{"line":406,"column":16},"end":{"line":406,"column":45}},"179":{"start":{"line":407,"column":4},"end":{"line":411,"column":5}},"180":{"start":{"line":408,"column":19},"end":{"line":408,"column":50}},"181":{"start":{"line":409,"column":6},"end":{"line":409,"column":45}},"182":{"start":{"line":410,"column":6},"end":{"line":410,"column":47}},"183":{"start":{"line":414,"column":20},"end":{"line":414,"column":30}},"184":{"start":{"line":415,"column":2},"end":{"line":415,"column":65}},"185":{"start":{"line":416,"column":2},"end":{"line":423,"column":5}},"186":{"start":{"line":425,"column":20},"end":{"line":553,"column":1}},"187":{"start":{"line":426,"column":19},"end":{"line":426,"column":34}},"188":{"start":{"line":427,"column":25},"end":{"line":430,"column":52}},"189":{"start":{"line":431,"column":2},"end":{"line":433,"column":3}},"190":{"start":{"line":432,"column":4},"end":{"line":432,"column":34}},"191":{"start":{"line":434,"column":2},"end":{"line":436,"column":3}},"192":{"start":{"line":435,"column":4},"end":{"line":435,"column":34}},"193":{"start":{"line":437,"column":23},"end":{"line":439,"column":3}},"194":{"start":{"line":440,"column":2},"end":{"line":453,"column":3}},"195":{"start":{"line":445,"column":4},"end":{"line":452,"column":7}},"196":{"start":{"line":454,"column":18},"end":{"line":463,"column":3}},"197":{"start":{"line":464,"column":2},"end":{"line":464,"column":67}},"198":{"start":{"line":464,"column":30},"end":{"line":464,"column":65}},"199":{"start":{"line":466,"column":29},"end":{"line":466,"column":38}},"200":{"start":{"line":467,"column":2},"end":{"line":473,"column":5}},"201":{"start":{"line":468,"column":28},"end":{"line":468,"column":44}},"202":{"start":{"line":469,"column":4},"end":{"line":469,"column":71}},"203":{"start":{"line":470,"column":21},"end":{"line":470,"column":75}},"204":{"start":{"line":471,"column":24},"end":{"line":471,"column":82}},"205":{"start":{"line":472,"column":4},"end":{"line":472,"column":57}},"206":{"start":{"line":472,"column":21},"end":{"line":472,"column":57}},"207":{"start":{"line":474,"column":30},"end":{"line":478,"column":14}},"208":{"start":{"line":479,"column":18},"end":{"line":479,"column":74}},"209":{"start":{"line":479,"column":49},"end":{"line":479,"column":57}},"210":{"start":{"line":480,"column":27},"end":{"line":484,"column":14}},"211":{"start":{"line":485,"column":21},"end":{"line":485,"column":82}},"212":{"start":{"line":485,"column":60},"end":{"line":485,"column":80}},"213":{"start":{"line":486,"column":18},"end":{"line":486,"column":74}},"214":{"start":{"line":486,"column":54},"end":{"line":486,"column":72}},"215":{"start":{"line":487,"column":2},"end":{"line":496,"column":5}},"216":{"start":{"line":488,"column":21},"end":{"line":488,"column":75}},"217":{"start":{"line":489,"column":26},"end":{"line":489,"column":84}},"218":{"start":{"line":490,"column":16},"end":{"line":490,"column":45}},"219":{"start":{"line":491,"column":4},"end":{"line":495,"column":5}},"220":{"start":{"line":492,"column":19},"end":{"line":492,"column":50}},"221":{"start":{"line":493,"column":6},"end":{"line":493,"column":45}},"222":{"start":{"line":494,"column":6},"end":{"line":494,"column":47}},"223":{"start":{"line":497,"column":20},"end":{"line":497,"column":30}},"224":{"start":{"line":498,"column":2},"end":{"line":498,"column":65}},"225":{"start":{"line":500,"column":14},"end":{"line":500,"column":57}},"226":{"start":{"line":501,"column":2},"end":{"line":501,"column":51}},"227":{"start":{"line":502,"column":2},"end":{"line":505,"column":4}},"228":{"start":{"line":506,"column":2},"end":{"line":506,"column":16}},"229":{"start":{"line":508,"column":2},"end":{"line":508,"column":60}},"230":{"start":{"line":509,"column":2},"end":{"line":509,"column":95}},"231":{"start":{"line":510,"column":2},"end":{"line":510,"column":101}},"232":{"start":{"line":513,"column":2},"end":{"line":513,"column":27}},"233":{"start":{"line":514,"column":2},"end":{"line":514,"column":18}},"234":{"start":{"line":516,"column":17},"end":{"line":516,"column":20}},"235":{"start":{"line":517,"column":2},"end":{"line":517,"column":76}},"236":{"start":{"line":518,"column":2},"end":{"line":523,"column":52}},"237":{"start":{"line":526,"column":19},"end":{"line":526,"column":31}},"238":{"start":{"line":527,"column":15},"end":{"line":527,"column":39}},"239":{"start":{"line":528,"column":2},"end":{"line":528,"column":71}},"240":{"start":{"line":529,"column":2},"end":{"line":529,"column":40}},"241":{"start":{"line":530,"column":2},"end":{"line":534,"column":47}},"242":{"start":{"line":537,"column":10},"end":{"line":537,"column":22}},"243":{"start":{"line":538,"column":2},"end":{"line":538,"column":40}},"244":{"start":{"line":539,"column":2},"end":{"line":550,"column":5}},"245":{"start":{"line":540,"column":4},"end":{"line":543,"column":5}},"246":{"start":{"line":541,"column":6},"end":{"line":541,"column":20}},"247":{"start":{"line":542,"column":6},"end":{"line":542,"column":13}},"248":{"start":{"line":544,"column":4},"end":{"line":548,"column":73}},"249":{"start":{"line":549,"column":4},"end":{"line":549,"column":12}},"250":{"start":{"line":552,"column":2},"end":{"line":552,"column":12}},"251":{"start":{"line":554,"column":0},"end":{"line":563,"column":2}}},"fnMap":{"0":{"name":"(anonymous_0)","decl":{"start":{"line":9,"column":24},"end":{"line":9,"column":25}},"loc":{"start":{"line":9,"column":44},"end":{"line":35,"column":1}},"line":9},"1":{"name":"(anonymous_1)","decl":{"start":{"line":36,"column":21},"end":{"line":36,"column":22}},"loc":{"start":{"line":36,"column":41},"end":{"line":82,"column":1}},"line":36},"2":{"name":"(anonymous_2)","decl":{"start":{"line":84,"column":23},"end":{"line":84,"column":24}},"loc":{"start":{"line":84,"column":43},"end":{"line":110,"column":1}},"line":84},"3":{"name":"(anonymous_3)","decl":{"start":{"line":112,"column":29},"end":{"line":112,"column":30}},"loc":{"start":{"line":112,"column":48},"end":{"line":121,"column":1}},"line":112},"4":{"name":"(anonymous_4)","decl":{"start":{"line":123,"column":20},"end":{"line":123,"column":21}},"loc":{"start":{"line":123,"column":40},"end":{"line":211,"column":1}},"line":123},"5":{"name":"(anonymous_5)","decl":{"start":{"line":212,"column":24},"end":{"line":212,"column":25}},"loc":{"start":{"line":212,"column":44},"end":{"line":271,"column":1}},"line":212},"6":{"name":"(anonymous_6)","decl":{"start":{"line":237,"column":23},"end":{"line":237,"column":24}},"loc":{"start":{"line":237,"column":30},"end":{"line":244,"column":3}},"line":237},"7":{"name":"(anonymous_7)","decl":{"start":{"line":250,"column":42},"end":{"line":250,"column":43}},"loc":{"start":{"line":250,"column":49},"end":{"line":250,"column":57}},"line":250},"8":{"name":"(anonymous_8)","decl":{"start":{"line":256,"column":53},"end":{"line":256,"column":54}},"loc":{"start":{"line":256,"column":60},"end":{"line":256,"column":80}},"line":256},"9":{"name":"(anonymous_9)","decl":{"start":{"line":257,"column":47},"end":{"line":257,"column":48}},"loc":{"start":{"line":257,"column":54},"end":{"line":257,"column":72}},"line":257},"10":{"name":"(anonymous_10)","decl":{"start":{"line":258,"column":23},"end":{"line":258,"column":24}},"loc":{"start":{"line":258,"column":30},"end":{"line":265,"column":3}},"line":258},"11":{"name":"(anonymous_11)","decl":{"start":{"line":273,"column":30},"end":{"line":273,"column":31}},"loc":{"start":{"line":273,"column":50},"end":{"line":319,"column":1}},"line":273},"12":{"name":"(anonymous_12)","decl":{"start":{"line":320,"column":21},"end":{"line":320,"column":22}},"loc":{"start":{"line":320,"column":41},"end":{"line":424,"column":1}},"line":320},"13":{"name":"(anonymous_13)","decl":{"start":{"line":359,"column":20},"end":{"line":359,"column":21}},"loc":{"start":{"line":359,"column":30},"end":{"line":359,"column":65}},"line":359},"14":{"name":"(anonymous_14)","decl":{"start":{"line":382,"column":23},"end":{"line":382,"column":24}},"loc":{"start":{"line":382,"column":30},"end":{"line":388,"column":3}},"line":382},"15":{"name":"(anonymous_15)","decl":{"start":{"line":395,"column":42},"end":{"line":395,"column":43}},"loc":{"start":{"line":395,"column":49},"end":{"line":395,"column":57}},"line":395},"16":{"name":"(anonymous_16)","decl":{"start":{"line":401,"column":53},"end":{"line":401,"column":54}},"loc":{"start":{"line":401,"column":60},"end":{"line":401,"column":80}},"line":401},"17":{"name":"(anonymous_17)","decl":{"start":{"line":402,"column":47},"end":{"line":402,"column":48}},"loc":{"start":{"line":402,"column":54},"end":{"line":402,"column":72}},"line":402},"18":{"name":"(anonymous_18)","decl":{"start":{"line":403,"column":23},"end":{"line":403,"column":24}},"loc":{"start":{"line":403,"column":30},"end":{"line":412,"column":3}},"line":403},"19":{"name":"(anonymous_19)","decl":{"start":{"line":425,"column":20},"end":{"line":425,"column":21}},"loc":{"start":{"line":425,"column":40},"end":{"line":553,"column":1}},"line":425},"20":{"name":"(anonymous_20)","decl":{"start":{"line":464,"column":20},"end":{"line":464,"column":21}},"loc":{"start":{"line":464,"column":30},"end":{"line":464,"column":65}},"line":464},"21":{"name":"(anonymous_21)","decl":{"start":{"line":467,"column":23},"end":{"line":467,"column":24}},"loc":{"start":{"line":467,"column":30},"end":{"line":473,"column":3}},"line":467},"22":{"name":"(anonymous_22)","decl":{"start":{"line":479,"column":42},"end":{"line":479,"column":43}},"loc":{"start":{"line":479,"column":49},"end":{"line":479,"column":57}},"line":479},"23":{"name":"(anonymous_23)","decl":{"start":{"line":485,"column":53},"end":{"line":485,"column":54}},"loc":{"start":{"line":485,"column":60},"end":{"line":485,"column":80}},"line":485},"24":{"name":"(anonymous_24)","decl":{"start":{"line":486,"column":47},"end":{"line":486,"column":48}},"loc":{"start":{"line":486,"column":54},"end":{"line":486,"column":72}},"line":486},"25":{"name":"(anonymous_25)","decl":{"start":{"line":487,"column":23},"end":{"line":487,"column":24}},"loc":{"start":{"line":487,"column":30},"end":{"line":496,"column":3}},"line":487},"26":{"name":"(anonymous_26)","decl":{"start":{"line":539,"column":23},"end":{"line":539,"column":24}},"loc":{"start":{"line":539,"column":35},"end":{"line":550,"column":3}},"line":539}},"branchMap":{"0":{"loc":{"start":{"line":15,"column":2},"end":{"line":17,"column":3}},"type":"if","locations":[{"start":{"line":15,"column":2},"end":{"line":17,"column":3}},{"start":{},"end":{}}],"line":15},"1":{"loc":{"start":{"line":18,"column":2},"end":{"line":20,"column":3}},"type":"if","locations":[{"start":{"line":18,"column":2},"end":{"line":20,"column":3}},{"start":{},"end":{}}],"line":18},"2":{"loc":{"start":{"line":21,"column":2},"end":{"line":28,"column":3}},"type":"if","locations":[{"start":{"line":21,"column":2},"end":{"line":28,"column":3}},{"start":{},"end":{}}],"line":21},"3":{"loc":{"start":{"line":45,"column":4},"end":{"line":47,"column":5}},"type":"if","locations":[{"start":{"line":45,"column":4},"end":{"line":47,"column":5}},{"start":{},"end":{}}],"line":45},"4":{"loc":{"start":{"line":90,"column":2},"end":{"line":92,"column":3}},"type":"if","locations":[{"start":{"line":90,"column":2},"end":{"line":92,"column":3}},{"start":{},"end":{}}],"line":90},"5":{"loc":{"start":{"line":93,"column":2},"end":{"line":95,"column":3}},"type":"if","locations":[{"start":{"line":93,"column":2},"end":{"line":95,"column":3}},{"start":{},"end":{}}],"line":93},"6":{"loc":{"start":{"line":96,"column":2},"end":{"line":103,"column":3}},"type":"if","locations":[{"start":{"line":96,"column":2},"end":{"line":103,"column":3}},{"start":{},"end":{}}],"line":96},"7":{"loc":{"start":{"line":114,"column":2},"end":{"line":116,"column":3}},"type":"if","locations":[{"start":{"line":114,"column":2},"end":{"line":116,"column":3}},{"start":{},"end":{}}],"line":114},"8":{"loc":{"start":{"line":132,"column":4},"end":{"line":134,"column":5}},"type":"if","locations":[{"start":{"line":132,"column":4},"end":{"line":134,"column":5}},{"start":{},"end":{}}],"line":132},"9":{"loc":{"start":{"line":139,"column":4},"end":{"line":141,"column":5}},"type":"if","locations":[{"start":{"line":139,"column":4},"end":{"line":141,"column":5}},{"start":{},"end":{}}],"line":139},"10":{"loc":{"start":{"line":142,"column":4},"end":{"line":144,"column":5}},"type":"if","locations":[{"start":{"line":142,"column":4},"end":{"line":144,"column":5}},{"start":{},"end":{}}],"line":142},"11":{"loc":{"start":{"line":145,"column":4},"end":{"line":147,"column":5}},"type":"if","locations":[{"start":{"line":145,"column":4},"end":{"line":147,"column":5}},{"start":{},"end":{}}],"line":145},"12":{"loc":{"start":{"line":149,"column":4},"end":{"line":151,"column":5}},"type":"if","locations":[{"start":{"line":149,"column":4},"end":{"line":151,"column":5}},{"start":{},"end":{}}],"line":149},"13":{"loc":{"start":{"line":195,"column":4},"end":{"line":205,"column":5}},"type":"if","locations":[{"start":{"line":195,"column":4},"end":{"line":205,"column":5}},{"start":{},"end":{}}],"line":195},"14":{"loc":{"start":{"line":195,"column":8},"end":{"line":195,"column":34}},"type":"binary-expr","locations":[{"start":{"line":195,"column":8},"end":{"line":195,"column":16}},{"start":{"line":195,"column":20},"end":{"line":195,"column":34}}],"line":195},"15":{"loc":{"start":{"line":218,"column":2},"end":{"line":220,"column":3}},"type":"if","locations":[{"start":{"line":218,"column":2},"end":{"line":220,"column":3}},{"start":{},"end":{}}],"line":218},"16":{"loc":{"start":{"line":221,"column":2},"end":{"line":223,"column":3}},"type":"if","locations":[{"start":{"line":221,"column":2},"end":{"line":223,"column":3}},{"start":{},"end":{}}],"line":221},"17":{"loc":{"start":{"line":239,"column":18},"end":{"line":239,"column":41}},"type":"cond-expr","locations":[{"start":{"line":239,"column":29},"end":{"line":239,"column":34}},{"start":{"line":239,"column":37},"end":{"line":239,"column":41}}],"line":239},"18":{"loc":{"start":{"line":240,"column":33},"end":{"line":240,"column":91}},"type":"cond-expr","locations":[{"start":{"line":240,"column":44},"end":{"line":240,"column":67}},{"start":{"line":240,"column":70},"end":{"line":240,"column":91}}],"line":240},"19":{"loc":{"start":{"line":243,"column":4},"end":{"line":243,"column":87}},"type":"if","locations":[{"start":{"line":243,"column":4},"end":{"line":243,"column":87}},{"start":{},"end":{}}],"line":243},"20":{"loc":{"start":{"line":260,"column":4},"end":{"line":264,"column":5}},"type":"if","locations":[{"start":{"line":260,"column":4},"end":{"line":264,"column":5}},{"start":{},"end":{}}],"line":260},"21":{"loc":{"start":{"line":262,"column":26},"end":{"line":262,"column":41}},"type":"binary-expr","locations":[{"start":{"line":262,"column":26},"end":{"line":262,"column":33}},{"start":{"line":262,"column":37},"end":{"line":262,"column":41}}],"line":262},"22":{"loc":{"start":{"line":263,"column":27},"end":{"line":263,"column":43}},"type":"binary-expr","locations":[{"start":{"line":263,"column":27},"end":{"line":263,"column":35}},{"start":{"line":263,"column":39},"end":{"line":263,"column":43}}],"line":263},"23":{"loc":{"start":{"line":281,"column":4},"end":{"line":283,"column":5}},"type":"if","locations":[{"start":{"line":281,"column":4},"end":{"line":283,"column":5}},{"start":{},"end":{}}],"line":281},"24":{"loc":{"start":{"line":284,"column":4},"end":{"line":286,"column":5}},"type":"if","locations":[{"start":{"line":284,"column":4},"end":{"line":286,"column":5}},{"start":{},"end":{}}],"line":284},"25":{"loc":{"start":{"line":291,"column":4},"end":{"line":293,"column":5}},"type":"if","locations":[{"start":{"line":291,"column":4},"end":{"line":293,"column":5}},{"start":{},"end":{}}],"line":291},"26":{"loc":{"start":{"line":298,"column":4},"end":{"line":300,"column":5}},"type":"if","locations":[{"start":{"line":298,"column":4},"end":{"line":300,"column":5}},{"start":{},"end":{}}],"line":298},"27":{"loc":{"start":{"line":305,"column":4},"end":{"line":307,"column":5}},"type":"if","locations":[{"start":{"line":305,"column":4},"end":{"line":307,"column":5}},{"start":{},"end":{}}],"line":305},"28":{"loc":{"start":{"line":326,"column":2},"end":{"line":328,"column":3}},"type":"if","locations":[{"start":{"line":326,"column":2},"end":{"line":328,"column":3}},{"start":{},"end":{}}],"line":326},"29":{"loc":{"start":{"line":329,"column":2},"end":{"line":331,"column":3}},"type":"if","locations":[{"start":{"line":329,"column":2},"end":{"line":331,"column":3}},{"start":{},"end":{}}],"line":329},"30":{"loc":{"start":{"line":335,"column":2},"end":{"line":348,"column":3}},"type":"if","locations":[{"start":{"line":335,"column":2},"end":{"line":348,"column":3}},{"start":{},"end":{}}],"line":335},"31":{"loc":{"start":{"line":336,"column":4},"end":{"line":338,"column":29}},"type":"binary-expr","locations":[{"start":{"line":336,"column":4},"end":{"line":336,"column":28}},{"start":{"line":337,"column":4},"end":{"line":337,"column":24}},{"start":{"line":338,"column":4},"end":{"line":338,"column":29}}],"line":336},"32":{"loc":{"start":{"line":386,"column":24},"end":{"line":386,"column":82}},"type":"cond-expr","locations":[{"start":{"line":386,"column":35},"end":{"line":386,"column":58}},{"start":{"line":386,"column":61},"end":{"line":386,"column":82}}],"line":386},"33":{"loc":{"start":{"line":387,"column":4},"end":{"line":387,"column":57}},"type":"if","locations":[{"start":{"line":387,"column":4},"end":{"line":387,"column":57}},{"start":{},"end":{}}],"line":387},"34":{"loc":{"start":{"line":405,"column":26},"end":{"line":405,"column":84}},"type":"cond-expr","locations":[{"start":{"line":405,"column":37},"end":{"line":405,"column":60}},{"start":{"line":405,"column":63},"end":{"line":405,"column":84}}],"line":405},"35":{"loc":{"start":{"line":407,"column":4},"end":{"line":411,"column":5}},"type":"if","locations":[{"start":{"line":407,"column":4},"end":{"line":411,"column":5}},{"start":{},"end":{}}],"line":407},"36":{"loc":{"start":{"line":409,"column":26},"end":{"line":409,"column":44}},"type":"binary-expr","locations":[{"start":{"line":409,"column":26},"end":{"line":409,"column":36}},{"start":{"line":409,"column":40},"end":{"line":409,"column":44}}],"line":409},"37":{"loc":{"start":{"line":410,"column":27},"end":{"line":410,"column":46}},"type":"binary-expr","locations":[{"start":{"line":410,"column":27},"end":{"line":410,"column":38}},{"start":{"line":410,"column":42},"end":{"line":410,"column":46}}],"line":410},"38":{"loc":{"start":{"line":431,"column":2},"end":{"line":433,"column":3}},"type":"if","locations":[{"start":{"line":431,"column":2},"end":{"line":433,"column":3}},{"start":{},"end":{}}],"line":431},"39":{"loc":{"start":{"line":434,"column":2},"end":{"line":436,"column":3}},"type":"if","locations":[{"start":{"line":434,"column":2},"end":{"line":436,"column":3}},{"start":{},"end":{}}],"line":434},"40":{"loc":{"start":{"line":440,"column":2},"end":{"line":453,"column":3}},"type":"if","locations":[{"start":{"line":440,"column":2},"end":{"line":453,"column":3}},{"start":{},"end":{}}],"line":440},"41":{"loc":{"start":{"line":441,"column":4},"end":{"line":443,"column":29}},"type":"binary-expr","locations":[{"start":{"line":441,"column":4},"end":{"line":441,"column":28}},{"start":{"line":442,"column":4},"end":{"line":442,"column":24}},{"start":{"line":443,"column":4},"end":{"line":443,"column":29}}],"line":441},"42":{"loc":{"start":{"line":471,"column":24},"end":{"line":471,"column":82}},"type":"cond-expr","locations":[{"start":{"line":471,"column":35},"end":{"line":471,"column":58}},{"start":{"line":471,"column":61},"end":{"line":471,"column":82}}],"line":471},"43":{"loc":{"start":{"line":472,"column":4},"end":{"line":472,"column":57}},"type":"if","locations":[{"start":{"line":472,"column":4},"end":{"line":472,"column":57}},{"start":{},"end":{}}],"line":472},"44":{"loc":{"start":{"line":489,"column":26},"end":{"line":489,"column":84}},"type":"cond-expr","locations":[{"start":{"line":489,"column":37},"end":{"line":489,"column":60}},{"start":{"line":489,"column":63},"end":{"line":489,"column":84}}],"line":489},"45":{"loc":{"start":{"line":491,"column":4},"end":{"line":495,"column":5}},"type":"if","locations":[{"start":{"line":491,"column":4},"end":{"line":495,"column":5}},{"start":{},"end":{}}],"line":491},"46":{"loc":{"start":{"line":493,"column":26},"end":{"line":493,"column":44}},"type":"binary-expr","locations":[{"start":{"line":493,"column":26},"end":{"line":493,"column":36}},{"start":{"line":493,"column":40},"end":{"line":493,"column":44}}],"line":493},"47":{"loc":{"start":{"line":494,"column":27},"end":{"line":494,"column":46}},"type":"binary-expr","locations":[{"start":{"line":494,"column":27},"end":{"line":494,"column":38}},{"start":{"line":494,"column":42},"end":{"line":494,"column":46}}],"line":494},"48":{"loc":{"start":{"line":540,"column":4},"end":{"line":543,"column":5}},"type":"if","locations":[{"start":{"line":540,"column":4},"end":{"line":543,"column":5}},{"start":{},"end":{}}],"line":540},"49":{"loc":{"start":{"line":547,"column":13},"end":{"line":547,"column":41}},"type":"binary-expr","locations":[{"start":{"line":547,"column":13},"end":{"line":547,"column":34}},{"start":{"line":547,"column":38},"end":{"line":547,"column":41}}],"line":547},"50":{"loc":{"start":{"line":548,"column":13},"end":{"line":548,"column":43}},"type":"binary-expr","locations":[{"start":{"line":548,"column":13},"end":{"line":548,"column":36}},{"start":{"line":548,"column":40},"end":{"line":548,"column":43}}],"line":548}},"s":{"0":5,"1":5,"2":5,"3":5,"4":5,"5":5,"6":5,"7":5,"8":0,"9":0,"10":0,"11":0,"12":0,"13":0,"14":0,"15":0,"16":0,"17":5,"18":0,"19":0,"20":0,"21":0,"22":0,"23":0,"24":0,"25":0,"26":0,"27":0,"28":0,"29":0,"30":0,"31":0,"32":0,"33":0,"34":0,"35":5,"36":0,"37":0,"38":0,"39":0,"40":0,"41":0,"42":0,"43":0,"44":0,"45":5,"46":0,"47":0,"48":0,"49":0,"50":0,"51":5,"52":0,"53":0,"54":0,"55":0,"56":0,"57":0,"58":0,"59":0,"60":0,"61":0,"62":0,"63":0,"64":0,"65":0,"66":0,"67":0,"68":0,"69":0,"70":0,"71":0,"72":0,"73":0,"74":0,"75":0,"76":0,"77":0,"78":0,"79":0,"80":0,"81":0,"82":0,"83":0,"84":0,"85":0,"86":0,"87":0,"88":0,"89":5,"90":1,"91":1,"92":1,"93":0,"94":1,"95":0,"96":1,"97":1,"98":1,"99":1,"100":2,"101":2,"102":2,"103":2,"104":2,"105":2,"106":2,"107":1,"108":1,"109":1,"110":1,"111":1,"112":1,"113":1,"114":1,"115":1,"116":2,"117":2,"118":1,"119":1,"120":1,"121":1,"122":5,"123":0,"124":0,"125":0,"126":0,"127":0,"128":0,"129":0,"130":0,"131":0,"132":0,"133":0,"134":0,"135":0,"136":0,"137":0,"138":0,"139":0,"140":0,"141":0,"142":5,"143":1,"144":1,"145":1,"146":0,"147":1,"148":0,"149":1,"150":1,"151":0,"152":1,"153":1,"154":0,"155":1,"156":1,"157":1,"158":1,"159":1,"160":1,"161":1,"162":1,"163":1,"164":1,"165":1,"166":1,"167":1,"168":1,"169":1,"170":1,"171":1,"172":1,"173":1,"174":1,"175":1,"176":1,"177":1,"178":1,"179":1,"180":1,"181":1,"182":1,"183":1,"184":1,"185":1,"186":5,"187":1,"188":1,"189":1,"190":0,"191":1,"192":0,"193":1,"194":1,"195":0,"196":1,"197":1,"198":0,"199":1,"200":1,"201":1,"202":1,"203":1,"204":1,"205":1,"206":1,"207":1,"208":1,"209":1,"210":1,"211":1,"212":1,"213":1,"214":1,"215":1,"216":1,"217":1,"218":1,"219":1,"220":1,"221":1,"222":1,"223":1,"224":1,"225":1,"226":1,"227":1,"228":1,"229":1,"230":1,"231":1,"232":1,"233":1,"234":1,"235":1,"236":1,"237":1,"238":1,"239":1,"240":1,"241":1,"242":1,"243":1,"244":1,"245":1,"246":0,"247":0,"248":1,"249":1,"250":1,"251":5},"f":{"0":0,"1":0,"2":0,"3":0,"4":0,"5":1,"6":2,"7":1,"8":1,"9":1,"10":2,"11":0,"12":1,"13":0,"14":1,"15":1,"16":1,"17":1,"18":1,"19":1,"20":0,"21":1,"22":1,"23":1,"24":1,"25":1,"26":1},"b":{"0":[0,0],"1":[0,0],"2":[0,0],"3":[0,0],"4":[0,0],"5":[0,0],"6":[0,0],"7":[0,0],"8":[0,0],"9":[0,0],"10":[0,0],"11":[0,0],"12":[0,0],"13":[0,0],"14":[0,0],"15":[0,1],"16":[0,1],"17":[2,0],"18":[2,0],"19":[2,0],"20":[1,1],"21":[1,0],"22":[1,0],"23":[0,0],"24":[0,0],"25":[0,0],"26":[0,0],"27":[0,0],"28":[0,1],"29":[0,1],"30":[0,1],"31":[1,1,1],"32":[1,0],"33":[1,0],"34":[1,0],"35":[1,0],"36":[1,0],"37":[1,0],"38":[0,1],"39":[0,1],"40":[0,1],"41":[1,1,1],"42":[1,0],"43":[1,0],"44":[1,0],"45":[1,0],"46":[1,0],"47":[1,0],"48":[0,1],"49":[1,0],"50":[1,0]},"_coverageSchema":"1a1c01bbd47fc00a2c39e90264f33305004495a9","hash":"01a91c9254b47016b637dafd4597a969889c2d94"}
,"C:\\CC\\Code\\Bank-App\\controllers\\auth.controller.js": {"path":"C:\\CC\\Code\\Bank-App\\controllers\\auth.controller.js","statementMap":{"0":{"start":{"line":1,"column":17},"end":{"line":1,"column":37}},"1":{"start":{"line":2,"column":13},"end":{"line":2,"column":44}},"2":{"start":{"line":3,"column":16},"end":{"line":3,"column":50}},"3":{"start":{"line":4,"column":23},"end":{"line":4,"column":64}},"4":{"start":{"line":5,"column":19},"end":{"line":5,"column":49}},"5":{"start":{"line":6,"column":18},"end":{"line":6,"column":43}},"6":{"start":{"line":7,"column":15},"end":{"line":7,"column":32}},"7":{"start":{"line":8,"column":11},"end":{"line":8,"column":38}},"8":{"start":{"line":9,"column":18},"end":{"line":9,"column":38}},"9":{"start":{"line":10,"column":15},"end":{"line":10,"column":32}},"10":{"start":{"line":11,"column":23},"end":{"line":11,"column":49}},"11":{"start":{"line":12,"column":15},"end":{"line":12,"column":41}},"12":{"start":{"line":13,"column":12},"end":{"line":13,"column":35}},"13":{"start":{"line":14,"column":30},"end":{"line":14,"column":66}},"14":{"start":{"line":17,"column":2},"end":{"line":38,"column":3}},"15":{"start":{"line":24,"column":4},"end":{"line":37,"column":7}},"16":{"start":{"line":39,"column":2},"end":{"line":52,"column":5}},"17":{"start":{"line":56,"column":2},"end":{"line":71,"column":3}},"18":{"start":{"line":62,"column":4},"end":{"line":70,"column":7}},"19":{"start":{"line":72,"column":2},"end":{"line":80,"column":5}},"20":{"start":{"line":84,"column":16},"end":{"line":84,"column":30}},"21":{"start":{"line":85,"column":19},"end":{"line":85,"column":36}},"22":{"start":{"line":86,"column":15},"end":{"line":86,"column":40}},"23":{"start":{"line":88,"column":2},"end":{"line":93,"column":3}},"24":{"start":{"line":89,"column":4},"end":{"line":89,"column":57}},"25":{"start":{"line":91,"column":4},"end":{"line":91,"column":16}},"26":{"start":{"line":92,"column":4},"end":{"line":92,"column":11}},"27":{"start":{"line":95,"column":2},"end":{"line":102,"column":3}},"28":{"start":{"line":96,"column":4},"end":{"line":101,"column":6}},"29":{"start":{"line":104,"column":2},"end":{"line":108,"column":3}},"30":{"start":{"line":105,"column":4},"end":{"line":107,"column":7}},"31":{"start":{"line":110,"column":28},"end":{"line":112,"column":3}},"32":{"start":{"line":113,"column":2},"end":{"line":120,"column":3}},"33":{"start":{"line":114,"column":4},"end":{"line":119,"column":6}},"34":{"start":{"line":122,"column":2},"end":{"line":125,"column":3}},"35":{"start":{"line":123,"column":4},"end":{"line":123,"column":42}},"36":{"start":{"line":124,"column":4},"end":{"line":124,"column":39}},"37":{"start":{"line":127,"column":20},"end":{"line":129,"column":4}},"38":{"start":{"line":130,"column":2},"end":{"line":134,"column":5}},"39":{"start":{"line":135,"column":2},"end":{"line":135,"column":24}},"40":{"start":{"line":139,"column":17},"end":{"line":141,"column":4}},"41":{"start":{"line":142,"column":2},"end":{"line":151,"column":5}},"42":{"start":{"line":143,"column":4},"end":{"line":150,"column":7}},"43":{"start":{"line":155,"column":28},"end":{"line":155,"column":36}},"44":{"start":{"line":156,"column":19},"end":{"line":160,"column":4}},"45":{"start":{"line":162,"column":2},"end":{"line":185,"column":3}},"46":{"start":{"line":163,"column":4},"end":{"line":169,"column":8}},"47":{"start":{"line":170,"column":4},"end":{"line":170,"column":26}},"48":{"start":{"line":172,"column":4},"end":{"line":184,"column":6}},"49":{"start":{"line":175,"column":8},"end":{"line":182,"column":11}},"50":{"start":{"line":189,"column":2},"end":{"line":194,"column":5}},"51":{"start":{"line":198,"column":20},"end":{"line":198,"column":28}},"52":{"start":{"line":199,"column":15},"end":{"line":202,"column":55}},"53":{"start":{"line":204,"column":19},"end":{"line":208,"column":4}},"54":{"start":{"line":210,"column":2},"end":{"line":227,"column":3}},"55":{"start":{"line":211,"column":22},"end":{"line":213,"column":6}},"56":{"start":{"line":214,"column":4},"end":{"line":218,"column":7}},"57":{"start":{"line":219,"column":4},"end":{"line":219,"column":26}},"58":{"start":{"line":221,"column":4},"end":{"line":226,"column":7}},"59":{"start":{"line":231,"column":2},"end":{"line":231,"column":39}},"60":{"start":{"line":232,"column":2},"end":{"line":232,"column":20}},"61":{"start":{"line":237,"column":4},"end":{"line":237,"column":12}},"62":{"start":{"line":239,"column":2},"end":{"line":243,"column":3}},"63":{"start":{"line":240,"column":4},"end":{"line":242,"column":7}},"64":{"start":{"line":245,"column":15},"end":{"line":253,"column":3}},"65":{"start":{"line":255,"column":2},"end":{"line":287,"column":3}},"66":{"start":{"line":256,"column":23},"end":{"line":256,"column":53}},"67":{"start":{"line":257,"column":4},"end":{"line":261,"column":5}},"68":{"start":{"line":258,"column":6},"end":{"line":260,"column":9}},"69":{"start":{"line":263,"column":19},"end":{"line":263,"column":38}},"70":{"start":{"line":264,"column":4},"end":{"line":284,"column":5}},"71":{"start":{"line":265,"column":6},"end":{"line":265,"column":42}},"72":{"start":{"line":267,"column":31},"end":{"line":267,"column":101}},"73":{"start":{"line":268,"column":6},"end":{"line":277,"column":7}},"74":{"start":{"line":269,"column":8},"end":{"line":273,"column":10}},"75":{"start":{"line":275,"column":8},"end":{"line":275,"column":67}},"76":{"start":{"line":279,"column":6},"end":{"line":281,"column":8}},"77":{"start":{"line":283,"column":6},"end":{"line":283,"column":52}},"78":{"start":{"line":286,"column":4},"end":{"line":286,"column":23}},"79":{"start":{"line":291,"column":16},"end":{"line":291,"column":31}},"80":{"start":{"line":293,"column":2},"end":{"line":316,"column":3}},"81":{"start":{"line":294,"column":17},"end":{"line":297,"column":44}},"82":{"start":{"line":299,"column":4},"end":{"line":303,"column":5}},"83":{"start":{"line":300,"column":6},"end":{"line":302,"column":9}},"84":{"start":{"line":305,"column":4},"end":{"line":311,"column":8}},"85":{"start":{"line":313,"column":4},"end":{"line":313,"column":84}},"86":{"start":{"line":315,"column":4},"end":{"line":315,"column":23}},"87":{"start":{"line":319,"column":20},"end":{"line":323,"column":1}},"88":{"start":{"line":320,"column":2},"end":{"line":322,"column":5}},"89":{"start":{"line":324,"column":0},"end":{"line":335,"column":2}}},"fnMap":{"0":{"name":"getSignup","decl":{"start":{"line":16,"column":9},"end":{"line":16,"column":18}},"loc":{"start":{"line":16,"column":29},"end":{"line":53,"column":1}},"line":16},"1":{"name":"getLogin","decl":{"start":{"line":55,"column":9},"end":{"line":55,"column":17}},"loc":{"start":{"line":55,"column":28},"end":{"line":81,"column":1}},"line":55},"2":{"name":"login","decl":{"start":{"line":83,"column":15},"end":{"line":83,"column":20}},"loc":{"start":{"line":83,"column":37},"end":{"line":136,"column":1}},"line":83},"3":{"name":"getEnable2FA","decl":{"start":{"line":138,"column":9},"end":{"line":138,"column":21}},"loc":{"start":{"line":138,"column":32},"end":{"line":152,"column":1}},"line":138},"4":{"name":"(anonymous_4)","decl":{"start":{"line":142,"column":39},"end":{"line":142,"column":40}},"loc":{"start":{"line":142,"column":58},"end":{"line":151,"column":3}},"line":142},"5":{"name":"enable2FA","decl":{"start":{"line":154,"column":15},"end":{"line":154,"column":24}},"loc":{"start":{"line":154,"column":35},"end":{"line":186,"column":1}},"line":154},"6":{"name":"(anonymous_6)","decl":{"start":{"line":174,"column":6},"end":{"line":174,"column":7}},"loc":{"start":{"line":174,"column":25},"end":{"line":183,"column":7}},"line":174},"7":{"name":"getVerify2FA","decl":{"start":{"line":188,"column":9},"end":{"line":188,"column":21}},"loc":{"start":{"line":188,"column":32},"end":{"line":195,"column":1}},"line":188},"8":{"name":"verify2FA","decl":{"start":{"line":197,"column":15},"end":{"line":197,"column":24}},"loc":{"start":{"line":197,"column":35},"end":{"line":228,"column":1}},"line":197},"9":{"name":"logout","decl":{"start":{"line":230,"column":9},"end":{"line":230,"column":15}},"loc":{"start":{"line":230,"column":26},"end":{"line":233,"column":1}},"line":230},"10":{"name":"createUserAndAccount","decl":{"start":{"line":235,"column":15},"end":{"line":235,"column":35}},"loc":{"start":{"line":235,"column":52},"end":{"line":288,"column":1}},"line":235},"11":{"name":"verifyEmail","decl":{"start":{"line":290,"column":15},"end":{"line":290,"column":26}},"loc":{"start":{"line":290,"column":43},"end":{"line":317,"column":1}},"line":290},"12":{"name":"(anonymous_12)","decl":{"start":{"line":319,"column":20},"end":{"line":319,"column":21}},"loc":{"start":{"line":319,"column":28},"end":{"line":323,"column":1}},"line":319}},"branchMap":{"0":{"loc":{"start":{"line":17,"column":2},"end":{"line":38,"column":3}},"type":"if","locations":[{"start":{"line":17,"column":2},"end":{"line":38,"column":3}},{"start":{},"end":{}}],"line":17},"1":{"loc":{"start":{"line":18,"column":4},"end":{"line":22,"column":67}},"type":"binary-expr","locations":[{"start":{"line":18,"column":4},"end":{"line":18,"column":60}},{"start":{"line":19,"column":4},"end":{"line":19,"column":64}},{"start":{"line":20,"column":4},"end":{"line":20,"column":67}},{"start":{"line":21,"column":4},"end":{"line":21,"column":58}},{"start":{"line":22,"column":4},"end":{"line":22,"column":67}}],"line":18},"2":{"loc":{"start":{"line":56,"column":2},"end":{"line":71,"column":3}},"type":"if","locations":[{"start":{"line":56,"column":2},"end":{"line":71,"column":3}},{"start":{},"end":{}}],"line":56},"3":{"loc":{"start":{"line":57,"column":4},"end":{"line":60,"column":43}},"type":"binary-expr","locations":[{"start":{"line":57,"column":4},"end":{"line":57,"column":70}},{"start":{"line":58,"column":4},"end":{"line":59,"column":51}},{"start":{"line":60,"column":4},"end":{"line":60,"column":43}}],"line":57},"4":{"loc":{"start":{"line":95,"column":2},"end":{"line":102,"column":3}},"type":"if","locations":[{"start":{"line":95,"column":2},"end":{"line":102,"column":3}},{"start":{},"end":{}}],"line":95},"5":{"loc":{"start":{"line":104,"column":2},"end":{"line":108,"column":3}},"type":"if","locations":[{"start":{"line":104,"column":2},"end":{"line":108,"column":3}},{"start":{},"end":{}}],"line":104},"6":{"loc":{"start":{"line":113,"column":2},"end":{"line":120,"column":3}},"type":"if","locations":[{"start":{"line":113,"column":2},"end":{"line":120,"column":3}},{"start":{},"end":{}}],"line":113},"7":{"loc":{"start":{"line":122,"column":2},"end":{"line":125,"column":3}},"type":"if","locations":[{"start":{"line":122,"column":2},"end":{"line":125,"column":3}},{"start":{},"end":{}}],"line":122},"8":{"loc":{"start":{"line":162,"column":2},"end":{"line":185,"column":3}},"type":"if","locations":[{"start":{"line":162,"column":2},"end":{"line":185,"column":3}},{"start":{"line":171,"column":9},"end":{"line":185,"column":3}}],"line":162},"9":{"loc":{"start":{"line":210,"column":2},"end":{"line":227,"column":3}},"type":"if","locations":[{"start":{"line":210,"column":2},"end":{"line":227,"column":3}},{"start":{"line":220,"column":9},"end":{"line":227,"column":3}}],"line":210},"10":{"loc":{"start":{"line":239,"column":2},"end":{"line":243,"column":3}},"type":"if","locations":[{"start":{"line":239,"column":2},"end":{"line":243,"column":3}},{"start":{},"end":{}}],"line":239},"11":{"loc":{"start":{"line":257,"column":4},"end":{"line":261,"column":5}},"type":"if","locations":[{"start":{"line":257,"column":4},"end":{"line":261,"column":5}},{"start":{},"end":{}}],"line":257},"12":{"loc":{"start":{"line":264,"column":4},"end":{"line":284,"column":5}},"type":"if","locations":[{"start":{"line":264,"column":4},"end":{"line":284,"column":5}},{"start":{"line":282,"column":11},"end":{"line":284,"column":5}}],"line":264},"13":{"loc":{"start":{"line":299,"column":4},"end":{"line":303,"column":5}},"type":"if","locations":[{"start":{"line":299,"column":4},"end":{"line":303,"column":5}},{"start":{},"end":{}}],"line":299}},"s":{"0":5,"1":5,"2":5,"3":5,"4":5,"5":5,"6":5,"7":5,"8":5,"9":5,"10":5,"11":5,"12":5,"13":5,"14":0,"15":0,"16":0,"17":0,"18":0,"19":0,"20":1,"21":1,"22":1,"23":1,"24":1,"25":0,"26":0,"27":1,"28":0,"29":1,"30":1,"31":0,"32":0,"33":0,"34":0,"35":0,"36":0,"37":0,"38":0,"39":0,"40":0,"41":0,"42":0,"43":0,"44":0,"45":0,"46":0,"47":0,"48":0,"49":0,"50":0,"51":0,"52":0,"53":0,"54":0,"55":0,"56":0,"57":0,"58":0,"59":0,"60":0,"61":0,"62":0,"63":0,"64":0,"65":0,"66":0,"67":0,"68":0,"69":0,"70":0,"71":0,"72":0,"73":0,"74":0,"75":0,"76":0,"77":0,"78":0,"79":0,"80":0,"81":0,"82":0,"83":0,"84":0,"85":0,"86":0,"87":5,"88":0,"89":5},"f":{"0":0,"1":0,"2":1,"3":0,"4":0,"5":0,"6":0,"7":0,"8":0,"9":0,"10":0,"11":0,"12":0},"b":{"0":[0,0],"1":[0,0,0,0,0],"2":[0,0],"3":[0,0,0],"4":[0,1],"5":[1,0],"6":[0,0],"7":[0,0],"8":[0,0],"9":[0,0],"10":[0,0],"11":[0,0],"12":[0,0],"13":[0,0]},"_coverageSchema":"1a1c01bbd47fc00a2c39e90264f33305004495a9","hash":"253aeaa578e7d80639c588dd62bd9160d804a399"}
,"C:\\CC\\Code\\Bank-App\\controllers\\base.controller.js": {"path":"C:\\CC\\Code\\Bank-App\\controllers\\base.controller.js","statementMap":{"0":{"start":{"line":1,"column":11},"end":{"line":1,"column":38}},"1":{"start":{"line":3,"column":17},"end":{"line":11,"column":1}},"2":{"start":{"line":4,"column":2},"end":{"line":6,"column":3}},"3":{"start":{"line":5,"column":4},"end":{"line":5,"column":33}},"4":{"start":{"line":7,"column":2},"end":{"line":10,"column":5}},"5":{"start":{"line":13,"column":16},"end":{"line":28,"column":1}},"6":{"start":{"line":14,"column":19},"end":{"line":14,"column":34}},"7":{"start":{"line":15,"column":2},"end":{"line":17,"column":3}},"8":{"start":{"line":16,"column":4},"end":{"line":16,"column":34}},"9":{"start":{"line":19,"column":25},"end":{"line":22,"column":38}},"10":{"start":{"line":24,"column":2},"end":{"line":27,"column":5}},"11":{"start":{"line":30,"column":0},"end":{"line":33,"column":2}}},"fnMap":{"0":{"name":"(anonymous_0)","decl":{"start":{"line":3,"column":17},"end":{"line":3,"column":18}},"loc":{"start":{"line":3,"column":31},"end":{"line":11,"column":1}},"line":3},"1":{"name":"(anonymous_1)","decl":{"start":{"line":13,"column":16},"end":{"line":13,"column":17}},"loc":{"start":{"line":13,"column":36},"end":{"line":28,"column":1}},"line":13}},"branchMap":{"0":{"loc":{"start":{"line":4,"column":2},"end":{"line":6,"column":3}},"type":"if","locations":[{"start":{"line":4,"column":2},"end":{"line":6,"column":3}},{"start":{},"end":{}}],"line":4},"1":{"loc":{"start":{"line":15,"column":2},"end":{"line":17,"column":3}},"type":"if","locations":[{"start":{"line":15,"column":2},"end":{"line":17,"column":3}},{"start":{},"end":{}}],"line":15}},"s":{"0":5,"1":5,"2":2,"3":0,"4":2,"5":5,"6":0,"7":0,"8":0,"9":0,"10":0,"11":5},"f":{"0":2,"1":0},"b":{"0":[0,2],"1":[0,0]},"_coverageSchema":"1a1c01bbd47fc00a2c39e90264f33305004495a9","hash":"8074cfd32acc4e76ddcfe0a937654dd913214494"}
,"C:\\CC\\Code\\Bank-App\\middlewares\\auth-middleware.js": {"path":"C:\\CC\\Code\\Bank-App\\middlewares\\auth-middleware.js","statementMap":{"0":{"start":{"line":1,"column":12},"end":{"line":1,"column":35}},"1":{"start":{"line":2,"column":21},"end":{"line":2,"column":39}},"2":{"start":{"line":3,"column":11},"end":{"line":3,"column":38}},"3":{"start":{"line":5,"column":18},"end":{"line":23,"column":1}},"4":{"start":{"line":6,"column":20},"end":{"line":6,"column":35}},"5":{"start":{"line":7,"column":2},"end":{"line":21,"column":3}},"6":{"start":{"line":8,"column":4},"end":{"line":18,"column":5}},"7":{"start":{"line":9,"column":27},"end":{"line":9,"column":72}},"8":{"start":{"line":10,"column":19},"end":{"line":13,"column":56}},"9":{"start":{"line":14,"column":6},"end":{"line":14,"column":29}},"10":{"start":{"line":16,"column":6},"end":{"line":16,"column":31}},"11":{"start":{"line":17,"column":6},"end":{"line":17,"column":29}},"12":{"start":{"line":20,"column":4},"end":{"line":20,"column":27}},"13":{"start":{"line":22,"column":2},"end":{"line":22,"column":9}},"14":{"start":{"line":25,"column":20},"end":{"line":31,"column":1}},"15":{"start":{"line":26,"column":2},"end":{"line":30,"column":3}},"16":{"start":{"line":27,"column":4},"end":{"line":27,"column":11}},"17":{"start":{"line":29,"column":4},"end":{"line":29,"column":46}},"18":{"start":{"line":33,"column":0},"end":{"line":33,"column":44}}},"fnMap":{"0":{"name":"(anonymous_0)","decl":{"start":{"line":5,"column":18},"end":{"line":5,"column":19}},"loc":{"start":{"line":5,"column":44},"end":{"line":23,"column":1}},"line":5},"1":{"name":"(anonymous_1)","decl":{"start":{"line":25,"column":20},"end":{"line":25,"column":21}},"loc":{"start":{"line":25,"column":40},"end":{"line":31,"column":1}},"line":25}},"branchMap":{"0":{"loc":{"start":{"line":7,"column":2},"end":{"line":21,"column":3}},"type":"if","locations":[{"start":{"line":7,"column":2},"end":{"line":21,"column":3}},{"start":{"line":19,"column":9},"end":{"line":21,"column":3}}],"line":7},"1":{"loc":{"start":{"line":26,"column":2},"end":{"line":30,"column":3}},"type":"if","locations":[{"start":{"line":26,"column":2},"end":{"line":30,"column":3}},{"start":{"line":28,"column":9},"end":{"line":30,"column":3}}],"line":26}},"s":{"0":3,"1":3,"2":3,"3":3,"4":4,"5":4,"6":0,"7":0,"8":0,"9":0,"10":0,"11":0,"12":4,"13":4,"14":3,"15":1,"16":0,"17":1,"18":3},"f":{"0":4,"1":1},"b":{"0":[0,4],"1":[0,1]},"_coverageSchema":"1a1c01bbd47fc00a2c39e90264f33305004495a9","hash":"29fb7462480b19bba4e18158b6a5f89e0db2ca8a"}
,"C:\\CC\\Code\\Bank-App\\middlewares\\error-handler.js": {"path":"C:\\CC\\Code\\Bank-App\\middlewares\\error-handler.js","statementMap":{"0":{"start":{"line":1,"column":11},"end":{"line":1,"column":38}},"1":{"start":{"line":3,"column":20},"end":{"line":17,"column":1}},"2":{"start":{"line":4,"column":2},"end":{"line":4,"column":34}},"3":{"start":{"line":5,"column":21},"end":{"line":5,"column":42}},"4":{"start":{"line":7,"column":15},"end":{"line":7,"column":38}},"5":{"start":{"line":8,"column":16},"end":{"line":8,"column":20}},"6":{"start":{"line":9,"column":2},"end":{"line":11,"column":3}},"7":{"start":{"line":10,"column":4},"end":{"line":10,"column":84}},"8":{"start":{"line":13,"column":2},"end":{"line":16,"column":5}},"9":{"start":{"line":19,"column":0},"end":{"line":19,"column":29}}},"fnMap":{"0":{"name":"(anonymous_0)","decl":{"start":{"line":3,"column":20},"end":{"line":3,"column":21}},"loc":{"start":{"line":3,"column":51},"end":{"line":17,"column":1}},"line":3}},"branchMap":{"0":{"loc":{"start":{"line":4,"column":16},"end":{"line":4,"column":32}},"type":"binary-expr","locations":[{"start":{"line":4,"column":16},"end":{"line":4,"column":25}},{"start":{"line":4,"column":29},"end":{"line":4,"column":32}}],"line":4},"1":{"loc":{"start":{"line":5,"column":21},"end":{"line":5,"column":42}},"type":"binary-expr","locations":[{"start":{"line":5,"column":21},"end":{"line":5,"column":35}},{"start":{"line":5,"column":39},"end":{"line":5,"column":42}}],"line":5},"2":{"loc":{"start":{"line":7,"column":15},"end":{"line":7,"column":38}},"type":"binary-expr","locations":[{"start":{"line":7,"column":15},"end":{"line":7,"column":30}},{"start":{"line":7,"column":34},"end":{"line":7,"column":38}}],"line":7},"3":{"loc":{"start":{"line":9,"column":2},"end":{"line":11,"column":3}},"type":"if","locations":[{"start":{"line":9,"column":2},"end":{"line":11,"column":3}},{"start":{},"end":{}}],"line":9}},"s":{"0":5,"1":5,"2":0,"3":0,"4":0,"5":0,"6":0,"7":0,"8":0,"9":5},"f":{"0":0},"b":{"0":[0,0],"1":[0,0],"2":[0,0],"3":[0,0]},"_coverageSchema":"1a1c01bbd47fc00a2c39e90264f33305004495a9","hash":"a4098bfced92e748510c0b0ee1915181fd43ce20"}
,"C:\\CC\\Code\\Bank-App\\middlewares\\rate-limiter.js": {"path":"C:\\CC\\Code\\Bank-App\\middlewares\\rate-limiter.js","statementMap":{"0":{"start":{"line":1,"column":18},"end":{"line":1,"column":47}},"1":{"start":{"line":3,"column":16},"end":{"line":10,"column":4}},"2":{"start":{"line":12,"column":2},"end":{"line":12,"column":29}}},"fnMap":{},"branchMap":{},"s":{"0":5,"1":5,"2":5},"f":{},"b":{},"_coverageSchema":"1a1c01bbd47fc00a2c39e90264f33305004495a9","hash":"7ead380f45f59b18e866552a557472a854f1c021"}
,"C:\\CC\\Code\\Bank-App\\models\\account.model.js": {"path":"C:\\CC\\Code\\Bank-App\\models\\account.model.js","statementMap":{"0":{"start":{"line":1,"column":23},"end":{"line":1,"column":38}},"1":{"start":{"line":2,"column":11},"end":{"line":2,"column":38}},"2":{"start":{"line":6,"column":4},"end":{"line":6,"column":25}},"3":{"start":{"line":7,"column":4},"end":{"line":7,"column":32}},"4":{"start":{"line":8,"column":4},"end":{"line":8,"column":32}},"5":{"start":{"line":9,"column":4},"end":{"line":9,"column":54}},"6":{"start":{"line":13,"column":19},"end":{"line":13,"column":25}},"7":{"start":{"line":14,"column":21},"end":{"line":14,"column":79}},"8":{"start":{"line":15,"column":4},"end":{"line":15,"column":35}},"9":{"start":{"line":19,"column":20},"end":{"line":19,"column":39}},"10":{"start":{"line":20,"column":4},"end":{"line":37,"column":5}},"11":{"start":{"line":22,"column":23},"end":{"line":22,"column":82}},"12":{"start":{"line":23,"column":6},"end":{"line":25,"column":7}},"13":{"start":{"line":24,"column":8},"end":{"line":24,"column":24}},"14":{"start":{"line":26,"column":25},"end":{"line":31,"column":7}},"15":{"start":{"line":32,"column":21},"end":{"line":32,"column":82}},"16":{"start":{"line":33,"column":6},"end":{"line":33,"column":55}},"17":{"start":{"line":35,"column":6},"end":{"line":35,"column":54}},"18":{"start":{"line":36,"column":6},"end":{"line":36,"column":18}},"19":{"start":{"line":41,"column":4},"end":{"line":51,"column":5}},"20":{"start":{"line":42,"column":25},"end":{"line":46,"column":7}},"21":{"start":{"line":47,"column":6},"end":{"line":47,"column":68}},"22":{"start":{"line":49,"column":6},"end":{"line":49,"column":54}},"23":{"start":{"line":50,"column":6},"end":{"line":50,"column":18}},"24":{"start":{"line":55,"column":4},"end":{"line":68,"column":5}},"25":{"start":{"line":56,"column":22},"end":{"line":59,"column":41}},"26":{"start":{"line":60,"column":6},"end":{"line":64,"column":7}},"27":{"start":{"line":61,"column":8},"end":{"line":61,"column":46}},"28":{"start":{"line":63,"column":8},"end":{"line":63,"column":23}},"29":{"start":{"line":66,"column":6},"end":{"line":66,"column":25}},"30":{"start":{"line":67,"column":6},"end":{"line":67,"column":18}},"31":{"start":{"line":71,"column":4},"end":{"line":84,"column":5}},"32":{"start":{"line":72,"column":22},"end":{"line":75,"column":29}},"33":{"start":{"line":76,"column":6},"end":{"line":80,"column":7}},"34":{"start":{"line":77,"column":8},"end":{"line":77,"column":46}},"35":{"start":{"line":79,"column":8},"end":{"line":79,"column":23}},"36":{"start":{"line":82,"column":6},"end":{"line":82,"column":25}},"37":{"start":{"line":83,"column":6},"end":{"line":83,"column":18}},"38":{"start":{"line":87,"column":4},"end":{"line":100,"column":5}},"39":{"start":{"line":88,"column":22},"end":{"line":91,"column":28}},"40":{"start":{"line":92,"column":6},"end":{"line":96,"column":7}},"41":{"start":{"line":93,"column":8},"end":{"line":93,"column":46}},"42":{"start":{"line":95,"column":8},"end":{"line":95,"column":23}},"43":{"start":{"line":98,"column":6},"end":{"line":98,"column":25}},"44":{"start":{"line":99,"column":6},"end":{"line":99,"column":18}},"45":{"start":{"line":104,"column":0},"end":{"line":104,"column":25}}},"fnMap":{"0":{"name":"(anonymous_0)","decl":{"start":{"line":5,"column":2},"end":{"line":5,"column":3}},"loc":{"start":{"line":5,"column":31},"end":{"line":10,"column":3}},"line":5},"1":{"name":"(anonymous_1)","decl":{"start":{"line":12,"column":2},"end":{"line":12,"column":3}},"loc":{"start":{"line":12,"column":26},"end":{"line":16,"column":3}},"line":12},"2":{"name":"(anonymous_2)","decl":{"start":{"line":18,"column":2},"end":{"line":18,"column":3}},"loc":{"start":{"line":18,"column":30},"end":{"line":38,"column":3}},"line":18},"3":{"name":"(anonymous_3)","decl":{"start":{"line":40,"column":2},"end":{"line":40,"column":3}},"loc":{"start":{"line":40,"column":24},"end":{"line":52,"column":3}},"line":40},"4":{"name":"(anonymous_4)","decl":{"start":{"line":54,"column":2},"end":{"line":54,"column":3}},"loc":{"start":{"line":54,"column":25},"end":{"line":69,"column":3}},"line":54},"5":{"name":"(anonymous_5)","decl":{"start":{"line":70,"column":2},"end":{"line":70,"column":3}},"loc":{"start":{"line":70,"column":34},"end":{"line":85,"column":3}},"line":70},"6":{"name":"(anonymous_6)","decl":{"start":{"line":86,"column":2},"end":{"line":86,"column":3}},"loc":{"start":{"line":86,"column":42},"end":{"line":101,"column":3}},"line":86}},"branchMap":{"0":{"loc":{"start":{"line":7,"column":19},"end":{"line":7,"column":31}},"type":"binary-expr","locations":[{"start":{"line":7,"column":19},"end":{"line":7,"column":26}},{"start":{"line":7,"column":30},"end":{"line":7,"column":31}}],"line":7},"1":{"loc":{"start":{"line":23,"column":6},"end":{"line":25,"column":7}},"type":"if","locations":[{"start":{"line":23,"column":6},"end":{"line":25,"column":7}},{"start":{},"end":{}}],"line":23},"2":{"loc":{"start":{"line":60,"column":6},"end":{"line":64,"column":7}},"type":"if","locations":[{"start":{"line":60,"column":6},"end":{"line":64,"column":7}},{"start":{"line":62,"column":13},"end":{"line":64,"column":7}}],"line":60},"3":{"loc":{"start":{"line":76,"column":6},"end":{"line":80,"column":7}},"type":"if","locations":[{"start":{"line":76,"column":6},"end":{"line":80,"column":7}},{"start":{"line":78,"column":13},"end":{"line":80,"column":7}}],"line":76},"4":{"loc":{"start":{"line":92,"column":6},"end":{"line":96,"column":7}},"type":"if","locations":[{"start":{"line":92,"column":6},"end":{"line":96,"column":7}},{"start":{"line":94,"column":13},"end":{"line":96,"column":7}}],"line":92}},"s":{"0":5,"1":5,"2":0,"3":0,"4":0,"5":0,"6":0,"7":0,"8":0,"9":0,"10":0,"11":0,"12":0,"13":0,"14":0,"15":0,"16":0,"17":0,"18":0,"19":0,"20":0,"21":0,"22":0,"23":0,"24":0,"25":0,"26":0,"27":0,"28":0,"29":0,"30":0,"31":0,"32":0,"33":0,"34":0,"35":0,"36":0,"37":0,"38":0,"39":0,"40":0,"41":0,"42":0,"43":0,"44":0,"45":5},"f":{"0":0,"1":0,"2":0,"3":0,"4":0,"5":0,"6":0},"b":{"0":[0,0],"1":[0,0],"2":[0,0],"3":[0,0],"4":[0,0]},"_coverageSchema":"1a1c01bbd47fc00a2c39e90264f33305004495a9","hash":"3a71d859160b7df6d7280dcacb6db06d4a89075c"}
,"C:\\CC\\Code\\Bank-App\\models\\transaction.model.js": {"path":"C:\\CC\\Code\\Bank-App\\models\\transaction.model.js","statementMap":{"0":{"start":{"line":1,"column":11},"end":{"line":1,"column":38}},"1":{"start":{"line":5,"column":8},"end":{"line":5,"column":35}},"2":{"start":{"line":6,"column":8},"end":{"line":6,"column":47}},"3":{"start":{"line":7,"column":8},"end":{"line":7,"column":29}},"4":{"start":{"line":8,"column":8},"end":{"line":8,"column":25}},"5":{"start":{"line":9,"column":8},"end":{"line":9,"column":55}},"6":{"start":{"line":10,"column":8},"end":{"line":10,"column":59}},"7":{"start":{"line":14,"column":8},"end":{"line":34,"column":9}},"8":{"start":{"line":15,"column":12},"end":{"line":17,"column":13}},"9":{"start":{"line":16,"column":16},"end":{"line":16,"column":63}},"10":{"start":{"line":19,"column":36},"end":{"line":26,"column":13}},"11":{"start":{"line":28,"column":12},"end":{"line":28,"column":83}},"12":{"start":{"line":30,"column":12},"end":{"line":30,"column":35}},"13":{"start":{"line":32,"column":12},"end":{"line":32,"column":62}},"14":{"start":{"line":33,"column":12},"end":{"line":33,"column":24}},"15":{"start":{"line":38,"column":8},"end":{"line":53,"column":9}},"16":{"start":{"line":39,"column":33},"end":{"line":48,"column":26}},"17":{"start":{"line":49,"column":12},"end":{"line":49,"column":32}},"18":{"start":{"line":51,"column":12},"end":{"line":51,"column":67}},"19":{"start":{"line":52,"column":12},"end":{"line":52,"column":24}},"20":{"start":{"line":57,"column":8},"end":{"line":63,"column":9}},"21":{"start":{"line":58,"column":32},"end":{"line":58,"column":107}},"22":{"start":{"line":59,"column":12},"end":{"line":59,"column":31}},"23":{"start":{"line":61,"column":12},"end":{"line":61,"column":66}},"24":{"start":{"line":62,"column":12},"end":{"line":62,"column":24}},"25":{"start":{"line":67,"column":0},"end":{"line":67,"column":29}}},"fnMap":{"0":{"name":"(anonymous_0)","decl":{"start":{"line":4,"column":4},"end":{"line":4,"column":5}},"loc":{"start":{"line":4,"column":101},"end":{"line":11,"column":5}},"line":4},"1":{"name":"(anonymous_1)","decl":{"start":{"line":13,"column":4},"end":{"line":13,"column":5}},"loc":{"start":{"line":13,"column":28},"end":{"line":35,"column":5}},"line":13},"2":{"name":"(anonymous_2)","decl":{"start":{"line":37,"column":4},"end":{"line":37,"column":5}},"loc":{"start":{"line":37,"column":57},"end":{"line":54,"column":5}},"line":37},"3":{"name":"(anonymous_3)","decl":{"start":{"line":56,"column":4},"end":{"line":56,"column":5}},"loc":{"start":{"line":56,"column":51},"end":{"line":64,"column":5}},"line":56}},"branchMap":{"0":{"loc":{"start":{"line":15,"column":12},"end":{"line":17,"column":13}},"type":"if","locations":[{"start":{"line":15,"column":12},"end":{"line":17,"column":13}},{"start":{},"end":{}}],"line":15}},"s":{"0":5,"1":0,"2":0,"3":0,"4":0,"5":0,"6":0,"7":0,"8":0,"9":0,"10":0,"11":0,"12":0,"13":0,"14":0,"15":3,"16":3,"17":3,"18":0,"19":0,"20":0,"21":0,"22":0,"23":0,"24":0,"25":5},"f":{"0":0,"1":0,"2":3,"3":0},"b":{"0":[0,0]},"_coverageSchema":"1a1c01bbd47fc00a2c39e90264f33305004495a9","hash":"96a97ba6aa904ce5d041b3d3520e6aea30fdad35"}
,"C:\\CC\\Code\\Bank-App\\models\\user.model.js": {"path":"C:\\CC\\Code\\Bank-App\\models\\user.model.js","statementMap":{"0":{"start":{"line":1,"column":15},"end":{"line":1,"column":34}},"1":{"start":{"line":2,"column":11},"end":{"line":2,"column":38}},"2":{"start":{"line":3,"column":15},"end":{"line":3,"column":32}},"3":{"start":{"line":7,"column":4},"end":{"line":7,"column":23}},"4":{"start":{"line":8,"column":4},"end":{"line":8,"column":29}},"5":{"start":{"line":9,"column":4},"end":{"line":9,"column":25}},"6":{"start":{"line":10,"column":4},"end":{"line":10,"column":29}},"7":{"start":{"line":11,"column":4},"end":{"line":15,"column":6}},"8":{"start":{"line":16,"column":4},"end":{"line":16,"column":28}},"9":{"start":{"line":17,"column":4},"end":{"line":17,"column":34}},"10":{"start":{"line":21,"column":4},"end":{"line":21,"column":83}},"11":{"start":{"line":24,"column":4},"end":{"line":24,"column":69}},"12":{"start":{"line":27,"column":4},"end":{"line":33,"column":5}},"13":{"start":{"line":28,"column":27},"end":{"line":28,"column":64}},"14":{"start":{"line":29,"column":6},"end":{"line":29,"column":28}},"15":{"start":{"line":31,"column":6},"end":{"line":31,"column":61}},"16":{"start":{"line":32,"column":6},"end":{"line":32,"column":18}},"17":{"start":{"line":38,"column":27},"end":{"line":38,"column":63}},"18":{"start":{"line":39,"column":30},"end":{"line":39,"column":68}},"19":{"start":{"line":41,"column":4},"end":{"line":57,"column":5}},"20":{"start":{"line":42,"column":22},"end":{"line":50,"column":7}},"21":{"start":{"line":52,"column":21},"end":{"line":52,"column":76}},"22":{"start":{"line":53,"column":6},"end":{"line":53,"column":96}},"23":{"start":{"line":55,"column":6},"end":{"line":55,"column":47}},"24":{"start":{"line":56,"column":6},"end":{"line":56,"column":32}},"25":{"start":{"line":61,"column":4},"end":{"line":61,"column":57}},"26":{"start":{"line":64,"column":27},"end":{"line":64,"column":103}},"27":{"start":{"line":65,"column":4},"end":{"line":65,"column":26}},"28":{"start":{"line":68,"column":27},"end":{"line":68,"column":108}},"29":{"start":{"line":69,"column":4},"end":{"line":69,"column":37}},"30":{"start":{"line":69,"column":25},"end":{"line":69,"column":37}},"31":{"start":{"line":70,"column":4},"end":{"line":70,"column":82}},"32":{"start":{"line":74,"column":0},"end":{"line":74,"column":22}}},"fnMap":{"0":{"name":"(anonymous_0)","decl":{"start":{"line":6,"column":2},"end":{"line":6,"column":3}},"loc":{"start":{"line":6,"column":77},"end":{"line":18,"column":3}},"line":6},"1":{"name":"(anonymous_1)","decl":{"start":{"line":20,"column":2},"end":{"line":20,"column":3}},"loc":{"start":{"line":20,"column":30},"end":{"line":22,"column":3}},"line":20},"2":{"name":"(anonymous_2)","decl":{"start":{"line":23,"column":2},"end":{"line":23,"column":3}},"loc":{"start":{"line":23,"column":31},"end":{"line":25,"column":3}},"line":23},"3":{"name":"(anonymous_3)","decl":{"start":{"line":26,"column":2},"end":{"line":26,"column":3}},"loc":{"start":{"line":26,"column":28},"end":{"line":34,"column":3}},"line":26},"4":{"name":"(anonymous_4)","decl":{"start":{"line":37,"column":2},"end":{"line":37,"column":3}},"loc":{"start":{"line":37,"column":17},"end":{"line":58,"column":3}},"line":37},"5":{"name":"(anonymous_5)","decl":{"start":{"line":60,"column":2},"end":{"line":60,"column":3}},"loc":{"start":{"line":60,"column":38},"end":{"line":62,"column":3}},"line":60},"6":{"name":"(anonymous_6)","decl":{"start":{"line":63,"column":2},"end":{"line":63,"column":3}},"loc":{"start":{"line":63,"column":38},"end":{"line":66,"column":3}},"line":63},"7":{"name":"(anonymous_7)","decl":{"start":{"line":67,"column":2},"end":{"line":67,"column":3}},"loc":{"start":{"line":67,"column":33},"end":{"line":71,"column":3}},"line":67}},"branchMap":{"0":{"loc":{"start":{"line":69,"column":4},"end":{"line":69,"column":37}},"type":"if","locations":[{"start":{"line":69,"column":4},"end":{"line":69,"column":37}},{"start":{},"end":{}}],"line":69}},"s":{"0":5,"1":5,"2":5,"3":1,"4":1,"5":1,"6":1,"7":1,"8":1,"9":1,"10":1,"11":0,"12":0,"13":0,"14":0,"15":0,"16":0,"17":0,"18":0,"19":0,"20":0,"21":0,"22":0,"23":0,"24":0,"25":0,"26":0,"27":0,"28":0,"29":0,"30":0,"31":0,"32":5},"f":{"0":1,"1":1,"2":0,"3":0,"4":0,"5":0,"6":0,"7":0},"b":{"0":[0,0]},"_coverageSchema":"1a1c01bbd47fc00a2c39e90264f33305004495a9","hash":"8993b334a8791fbaae0b037165650b1d6793f973"}
,"C:\\CC\\Code\\Bank-App\\routes\\account.routes.js": {"path":"C:\\CC\\Code\\Bank-App\\routes\\account.routes.js","statementMap":{"0":{"start":{"line":1,"column":16},"end":{"line":1,"column":34}},"1":{"start":{"line":2,"column":20},"end":{"line":2,"column":58}},"2":{"start":{"line":4,"column":15},"end":{"line":4,"column":31}},"3":{"start":{"line":6,"column":26},"end":{"line":6,"column":70}},"4":{"start":{"line":8,"column":23},"end":{"line":8,"column":64}},"5":{"start":{"line":10,"column":0},"end":{"line":15,"column":2}},"6":{"start":{"line":17,"column":0},"end":{"line":22,"column":2}},"7":{"start":{"line":24,"column":0},"end":{"line":29,"column":2}},"8":{"start":{"line":30,"column":0},"end":{"line":35,"column":2}},"9":{"start":{"line":37,"column":0},"end":{"line":42,"column":2}},"10":{"start":{"line":43,"column":0},"end":{"line":48,"column":2}},"11":{"start":{"line":49,"column":0},"end":{"line":54,"column":2}},"12":{"start":{"line":55,"column":0},"end":{"line":60,"column":2}},"13":{"start":{"line":61,"column":0},"end":{"line":61,"column":24}}},"fnMap":{},"branchMap":{},"s":{"0":5,"1":5,"2":5,"3":5,"4":5,"5":5,"6":5,"7":5,"8":5,"9":5,"10":5,"11":5,"12":5,"13":5},"f":{},"b":{},"_coverageSchema":"1a1c01bbd47fc00a2c39e90264f33305004495a9","hash":"5db04bdfdde585acf3c3464a96619040bfacec7e"}
,"C:\\CC\\Code\\Bank-App\\routes\\admin-linkage.routes.js": {"path":"C:\\CC\\Code\\Bank-App\\routes\\admin-linkage.routes.js","statementMap":{"0":{"start":{"line":1,"column":16},"end":{"line":1,"column":34}},"1":{"start":{"line":2,"column":24},"end":{"line":2,"column":65}},"2":{"start":{"line":3,"column":11},"end":{"line":3,"column":38}},"3":{"start":{"line":5,"column":15},"end":{"line":5,"column":31}},"4":{"start":{"line":8,"column":21},"end":{"line":8,"column":44}},"5":{"start":{"line":9,"column":2},"end":{"line":11,"column":3}},"6":{"start":{"line":10,"column":4},"end":{"line":10,"column":18}},"7":{"start":{"line":12,"column":2},"end":{"line":12,"column":43}},"8":{"start":{"line":15,"column":0},"end":{"line":25,"column":3}},"9":{"start":{"line":16,"column":15},"end":{"line":16,"column":30}},"10":{"start":{"line":17,"column":18},"end":{"line":17,"column":87}},"11":{"start":{"line":18,"column":21},"end":{"line":18,"column":97}},"12":{"start":{"line":19,"column":2},"end":{"line":24,"column":5}},"13":{"start":{"line":27,"column":0},"end":{"line":27,"column":24}}},"fnMap":{"0":{"name":"requireAdmin","decl":{"start":{"line":7,"column":9},"end":{"line":7,"column":21}},"loc":{"start":{"line":7,"column":38},"end":{"line":13,"column":1}},"line":7},"1":{"name":"(anonymous_1)","decl":{"start":{"line":15,"column":56},"end":{"line":15,"column":57}},"loc":{"start":{"line":15,"column":76},"end":{"line":25,"column":1}},"line":15}},"branchMap":{"0":{"loc":{"start":{"line":9,"column":2},"end":{"line":11,"column":3}},"type":"if","locations":[{"start":{"line":9,"column":2},"end":{"line":11,"column":3}},{"start":{},"end":{}}],"line":9},"1":{"loc":{"start":{"line":9,"column":6},"end":{"line":9,"column":75}},"type":"binary-expr","locations":[{"start":{"line":9,"column":6},"end":{"line":9,"column":21}},{"start":{"line":9,"column":25},"end":{"line":9,"column":35}},{"start":{"line":9,"column":39},"end":{"line":9,"column":75}}],"line":9}},"s":{"0":5,"1":5,"2":5,"3":5,"4":0,"5":0,"6":0,"7":0,"8":5,"9":0,"10":0,"11":0,"12":0,"13":5},"f":{"0":0,"1":0},"b":{"0":[0,0],"1":[0,0,0]},"_coverageSchema":"1a1c01bbd47fc00a2c39e90264f33305004495a9","hash":"4eb873e81e0661c1a18731c66ec0b9d6849b51f3"}
,"C:\\CC\\Code\\Bank-App\\routes\\admin.routes.js": {"path":"C:\\CC\\Code\\Bank-App\\routes\\admin.routes.js","statementMap":{"0":{"start":{"line":1,"column":16},"end":{"line":1,"column":34}},"1":{"start":{"line":2,"column":24},"end":{"line":2,"column":65}},"2":{"start":{"line":3,"column":18},"end":{"line":3,"column":43}},"3":{"start":{"line":5,"column":15},"end":{"line":5,"column":31}},"4":{"start":{"line":8,"column":21},"end":{"line":8,"column":44}},"5":{"start":{"line":9,"column":2},"end":{"line":11,"column":3}},"6":{"start":{"line":10,"column":4},"end":{"line":10,"column":62}},"7":{"start":{"line":12,"column":2},"end":{"line":14,"column":3}},"8":{"start":{"line":13,"column":4},"end":{"line":13,"column":18}},"9":{"start":{"line":15,"column":2},"end":{"line":15,"column":43}},"10":{"start":{"line":18,"column":0},"end":{"line":20,"column":3}},"11":{"start":{"line":19,"column":2},"end":{"line":19,"column":94}},"12":{"start":{"line":22,"column":0},"end":{"line":30,"column":3}},"13":{"start":{"line":23,"column":32},"end":{"line":23,"column":40}},"14":{"start":{"line":24,"column":2},"end":{"line":29,"column":3}},"15":{"start":{"line":25,"column":4},"end":{"line":25,"column":96}},"16":{"start":{"line":26,"column":4},"end":{"line":26,"column":105}},"17":{"start":{"line":28,"column":4},"end":{"line":28,"column":101}},"18":{"start":{"line":32,"column":0},"end":{"line":32,"column":24}}},"fnMap":{"0":{"name":"requireAdmin","decl":{"start":{"line":7,"column":9},"end":{"line":7,"column":21}},"loc":{"start":{"line":7,"column":38},"end":{"line":16,"column":1}},"line":7},"1":{"name":"(anonymous_1)","decl":{"start":{"line":18,"column":59},"end":{"line":18,"column":60}},"loc":{"start":{"line":18,"column":73},"end":{"line":20,"column":1}},"line":18},"2":{"name":"(anonymous_2)","decl":{"start":{"line":22,"column":60},"end":{"line":22,"column":61}},"loc":{"start":{"line":22,"column":80},"end":{"line":30,"column":1}},"line":22}},"branchMap":{"0":{"loc":{"start":{"line":9,"column":2},"end":{"line":11,"column":3}},"type":"if","locations":[{"start":{"line":9,"column":2},"end":{"line":11,"column":3}},{"start":{},"end":{}}],"line":9},"1":{"loc":{"start":{"line":12,"column":2},"end":{"line":14,"column":3}},"type":"if","locations":[{"start":{"line":12,"column":2},"end":{"line":14,"column":3}},{"start":{},"end":{}}],"line":12},"2":{"loc":{"start":{"line":12,"column":6},"end":{"line":12,"column":61}},"type":"binary-expr","locations":[{"start":{"line":12,"column":6},"end":{"line":12,"column":21}},{"start":{"line":12,"column":25},"end":{"line":12,"column":61}}],"line":12},"3":{"loc":{"start":{"line":25,"column":24},"end":{"line":25,"column":47}},"type":"binary-expr","locations":[{"start":{"line":25,"column":24},"end":{"line":25,"column":31}},{"start":{"line":25,"column":35},"end":{"line":25,"column":47}}],"line":25},"4":{"loc":{"start":{"line":25,"column":49},"end":{"line":25,"column":94}},"type":"binary-expr","locations":[{"start":{"line":25,"column":49},"end":{"line":25,"column":53}},{"start":{"line":25,"column":57},"end":{"line":25,"column":94}}],"line":25}},"s":{"0":5,"1":5,"2":5,"3":5,"4":0,"5":0,"6":0,"7":0,"8":0,"9":0,"10":5,"11":0,"12":5,"13":0,"14":0,"15":0,"16":0,"17":0,"18":5},"f":{"0":0,"1":0,"2":0},"b":{"0":[0,0],"1":[0,0],"2":[0,0],"3":[0,0],"4":[0,0]},"_coverageSchema":"1a1c01bbd47fc00a2c39e90264f33305004495a9","hash":"24be4ae6159b8b34cdcbe0d05a3fa8f73b4ad4ac"}
,"C:\\CC\\Code\\Bank-App\\routes\\auth.routes.js": {"path":"C:\\CC\\Code\\Bank-App\\routes\\auth.routes.js","statementMap":{"0":{"start":{"line":1,"column":16},"end":{"line":1,"column":34}},"1":{"start":{"line":2,"column":20},"end":{"line":2,"column":58}},"2":{"start":{"line":3,"column":23},"end":{"line":3,"column":64}},"3":{"start":{"line":4,"column":23},"end":{"line":4,"column":64}},"4":{"start":{"line":6,"column":15},"end":{"line":6,"column":31}},"5":{"start":{"line":8,"column":0},"end":{"line":8,"column":57}},"6":{"start":{"line":9,"column":0},"end":{"line":9,"column":55}},"7":{"start":{"line":10,"column":0},"end":{"line":10,"column":69}},"8":{"start":{"line":12,"column":0},"end":{"line":12,"column":53}},"9":{"start":{"line":13,"column":0},"end":{"line":13,"column":54}},"10":{"start":{"line":15,"column":0},"end":{"line":15,"column":83}},"11":{"start":{"line":16,"column":0},"end":{"line":16,"column":81}},"12":{"start":{"line":18,"column":0},"end":{"line":18,"column":55}},"13":{"start":{"line":19,"column":0},"end":{"line":19,"column":53}},"14":{"start":{"line":21,"column":0},"end":{"line":21,"column":56}},"15":{"start":{"line":23,"column":0},"end":{"line":23,"column":24}}},"fnMap":{},"branchMap":{},"s":{"0":5,"1":5,"2":5,"3":5,"4":5,"5":5,"6":5,"7":5,"8":5,"9":5,"10":5,"11":5,"12":5,"13":5,"14":5,"15":5},"f":{},"b":{},"_coverageSchema":"1a1c01bbd47fc00a2c39e90264f33305004495a9","hash":"dc540507e3274196bce13de103eb3252681d7caf"}
,"C:\\CC\\Code\\Bank-App\\routes\\base.routes.js": {"path":"C:\\CC\\Code\\Bank-App\\routes\\base.routes.js","statementMap":{"0":{"start":{"line":1,"column":16},"end":{"line":1,"column":34}},"1":{"start":{"line":2,"column":20},"end":{"line":2,"column":58}},"2":{"start":{"line":3,"column":23},"end":{"line":3,"column":64}},"3":{"start":{"line":4,"column":23},"end":{"line":4,"column":64}},"4":{"start":{"line":5,"column":15},"end":{"line":5,"column":31}},"5":{"start":{"line":7,"column":0},"end":{"line":7,"column":35}},"6":{"start":{"line":8,"column":0},"end":{"line":11,"column":3}},"7":{"start":{"line":9,"column":4},"end":{"line":9,"column":42}},"8":{"start":{"line":10,"column":4},"end":{"line":10,"column":44}},"9":{"start":{"line":13,"column":0},"end":{"line":18,"column":2}},"10":{"start":{"line":19,"column":0},"end":{"line":19,"column":24}}},"fnMap":{"0":{"name":"(anonymous_0)","decl":{"start":{"line":8,"column":25},"end":{"line":8,"column":26}},"loc":{"start":{"line":8,"column":45},"end":{"line":11,"column":1}},"line":8}},"branchMap":{},"s":{"0":5,"1":5,"2":5,"3":5,"4":5,"5":5,"6":5,"7":2,"8":2,"9":5,"10":5},"f":{"0":2},"b":{},"_coverageSchema":"1a1c01bbd47fc00a2c39e90264f33305004495a9","hash":"322e6640c4f7b2136520f62bbd866b8cf084294e"}
,"C:\\CC\\Code\\Bank-App\\routes\\health.routes.js": {"path":"C:\\CC\\Code\\Bank-App\\routes\\health.routes.js","statementMap":{"0":{"start":{"line":1,"column":16},"end":{"line":1,"column":34}},"1":{"start":{"line":2,"column":18},"end":{"line":2,"column":43}},"2":{"start":{"line":4,"column":15},"end":{"line":4,"column":31}},"3":{"start":{"line":7,"column":0},"end":{"line":9,"column":3}},"4":{"start":{"line":8,"column":2},"end":{"line":8,"column":57}},"5":{"start":{"line":12,"column":0},"end":{"line":20,"column":3}},"6":{"start":{"line":13,"column":17},"end":{"line":13,"column":41}},"7":{"start":{"line":14,"column":17},"end":{"line":14,"column":38}},"8":{"start":{"line":15,"column":2},"end":{"line":19,"column":5}},"9":{"start":{"line":22,"column":0},"end":{"line":22,"column":24}}},"fnMap":{"0":{"name":"(anonymous_0)","decl":{"start":{"line":7,"column":22},"end":{"line":7,"column":23}},"loc":{"start":{"line":7,"column":36},"end":{"line":9,"column":1}},"line":7},"1":{"name":"(anonymous_1)","decl":{"start":{"line":12,"column":28},"end":{"line":12,"column":29}},"loc":{"start":{"line":12,"column":48},"end":{"line":20,"column":1}},"line":12}},"branchMap":{"0":{"loc":{"start":{"line":14,"column":17},"end":{"line":14,"column":38}},"type":"cond-expr","locations":[{"start":{"line":14,"column":29},"end":{"line":14,"column":32}},{"start":{"line":14,"column":35},"end":{"line":14,"column":38}}],"line":14},"1":{"loc":{"start":{"line":17,"column":13},"end":{"line":17,"column":70}},"type":"cond-expr","locations":[{"start":{"line":17,"column":25},"end":{"line":17,"column":44}},{"start":{"line":17,"column":47},"end":{"line":17,"column":70}}],"line":17},"2":{"loc":{"start":{"line":18,"column":11},"end":{"line":18,"column":31}},"type":"binary-expr","locations":[{"start":{"line":18,"column":11},"end":{"line":18,"column":23}},{"start":{"line":18,"column":27},"end":{"line":18,"column":31}}],"line":18}},"s":{"0":5,"1":5,"2":5,"3":5,"4":0,"5":5,"6":0,"7":0,"8":0,"9":5},"f":{"0":0,"1":0},"b":{"0":[0,0],"1":[0,0],"2":[0,0]},"_coverageSchema":"1a1c01bbd47fc00a2c39e90264f33305004495a9","hash":"d134fe705f696feeed74eb718b60f073238fefd2"}
,"C:\\CC\\Code\\Bank-App\\utils\\controller-utils.js": {"path":"C:\\CC\\Code\\Bank-App\\utils\\controller-utils.js","statementMap":{"0":{"start":{"line":2,"column":12},"end":{"line":2,"column":56}},"1":{"start":{"line":3,"column":2},"end":{"line":9,"column":3}},"2":{"start":{"line":4,"column":4},"end":{"line":8,"column":5}},"3":{"start":{"line":5,"column":6},"end":{"line":7,"column":7}},"4":{"start":{"line":6,"column":8},"end":{"line":6,"column":58}},"5":{"start":{"line":10,"column":2},"end":{"line":10,"column":20}},"6":{"start":{"line":13,"column":0},"end":{"line":15,"column":2}}},"fnMap":{"0":{"name":"redirectWithError","decl":{"start":{"line":1,"column":9},"end":{"line":1,"column":26}},"loc":{"start":{"line":1,"column":51},"end":{"line":11,"column":1}},"line":1}},"branchMap":{"0":{"loc":{"start":{"line":3,"column":2},"end":{"line":9,"column":3}},"type":"if","locations":[{"start":{"line":3,"column":2},"end":{"line":9,"column":3}},{"start":{},"end":{}}],"line":3},"1":{"loc":{"start":{"line":5,"column":6},"end":{"line":7,"column":7}},"type":"if","locations":[{"start":{"line":5,"column":6},"end":{"line":7,"column":7}},{"start":{},"end":{}}],"line":5},"2":{"loc":{"start":{"line":5,"column":10},"end":{"line":5,"column":57}},"type":"binary-expr","locations":[{"start":{"line":5,"column":10},"end":{"line":5,"column":28}},{"start":{"line":5,"column":32},"end":{"line":5,"column":57}}],"line":5}},"s":{"0":0,"1":0,"2":0,"3":0,"4":0,"5":0,"6":5},"f":{"0":0},"b":{"0":[0,0],"1":[0,0],"2":[0,0]},"_coverageSchema":"1a1c01bbd47fc00a2c39e90264f33305004495a9","hash":"e36e7e10f6bd87329072b495990ce89340d9af07"}
,"C:\\CC\\Code\\Bank-App\\utils\\email.js": {"path":"C:\\CC\\Code\\Bank-App\\utils\\email.js","statementMap":{"0":{"start":{"line":1,"column":19},"end":{"line":1,"column":40}},"1":{"start":{"line":3,"column":20},"end":{"line":9,"column":1}},"2":{"start":{"line":11,"column":0},"end":{"line":15,"column":1}},"3":{"start":{"line":12,"column":2},"end":{"line":14,"column":3}},"4":{"start":{"line":13,"column":4},"end":{"line":13,"column":83}},"5":{"start":{"line":17,"column":20},"end":{"line":25,"column":2}},"6":{"start":{"line":28,"column":22},"end":{"line":33,"column":3}},"7":{"start":{"line":35,"column":2},"end":{"line":40,"column":3}},"8":{"start":{"line":36,"column":4},"end":{"line":36,"column":44}},"9":{"start":{"line":38,"column":4},"end":{"line":38,"column":49}},"10":{"start":{"line":39,"column":4},"end":{"line":39,"column":45}},"11":{"start":{"line":44,"column":0},"end":{"line":52,"column":2}},"12":{"start":{"line":45,"column":2},"end":{"line":51,"column":3}},"13":{"start":{"line":46,"column":4},"end":{"line":46,"column":31}},"14":{"start":{"line":47,"column":4},"end":{"line":47,"column":24}},"15":{"start":{"line":49,"column":4},"end":{"line":49,"column":59}},"16":{"start":{"line":50,"column":4},"end":{"line":50,"column":47}},"17":{"start":{"line":54,"column":0},"end":{"line":54,"column":27}}},"fnMap":{"0":{"name":"sendEmail","decl":{"start":{"line":27,"column":15},"end":{"line":27,"column":24}},"loc":{"start":{"line":27,"column":44},"end":{"line":41,"column":1}},"line":27},"1":{"name":"verifyEmailTransport","decl":{"start":{"line":44,"column":34},"end":{"line":44,"column":54}},"loc":{"start":{"line":44,"column":57},"end":{"line":52,"column":1}},"line":44}},"branchMap":{"0":{"loc":{"start":{"line":12,"column":2},"end":{"line":14,"column":3}},"type":"if","locations":[{"start":{"line":12,"column":2},"end":{"line":14,"column":3}},{"start":{},"end":{}}],"line":12},"1":{"loc":{"start":{"line":19,"column":8},"end":{"line":19,"column":45}},"type":"binary-expr","locations":[{"start":{"line":19,"column":8},"end":{"line":19,"column":38}},{"start":{"line":19,"column":42},"end":{"line":19,"column":45}}],"line":19}},"s":{"0":4,"1":4,"2":4,"3":20,"4":0,"5":4,"6":0,"7":0,"8":0,"9":0,"10":0,"11":4,"12":0,"13":0,"14":0,"15":0,"16":0,"17":4},"f":{"0":0,"1":0},"b":{"0":[0,20],"1":[4,0]},"_coverageSchema":"1a1c01bbd47fc00a2c39e90264f33305004495a9","hash":"36425ca515ba413614b99804f26633301f562aa6"}
,"C:\\CC\\Code\\Bank-App\\utils\\logger.js": {"path":"C:\\CC\\Code\\Bank-App\\utils\\logger.js","statementMap":{"0":{"start":{"line":3,"column":4},"end":{"line":3,"column":47}},"1":{"start":{"line":7,"column":4},"end":{"line":7,"column":51}},"2":{"start":{"line":10,"column":2},"end":{"line":13,"column":4}}},"fnMap":{"0":{"name":"logInfo","decl":{"start":{"line":2,"column":9},"end":{"line":2,"column":16}},"loc":{"start":{"line":2,"column":32},"end":{"line":4,"column":3}},"line":2},"1":{"name":"logError","decl":{"start":{"line":6,"column":11},"end":{"line":6,"column":19}},"loc":{"start":{"line":6,"column":36},"end":{"line":8,"column":3}},"line":6}},"branchMap":{"0":{"loc":{"start":{"line":3,"column":35},"end":{"line":3,"column":45}},"type":"binary-expr","locations":[{"start":{"line":3,"column":35},"end":{"line":3,"column":39}},{"start":{"line":3,"column":43},"end":{"line":3,"column":45}}],"line":3},"1":{"loc":{"start":{"line":7,"column":38},"end":{"line":7,"column":49}},"type":"binary-expr","locations":[{"start":{"line":7,"column":38},"end":{"line":7,"column":43}},{"start":{"line":7,"column":47},"end":{"line":7,"column":49}}],"line":7}},"s":{"0":0,"1":0,"2":5},"f":{"0":0,"1":0},"b":{"0":[0,0],"1":[0,0]},"_coverageSchema":"1a1c01bbd47fc00a2c39e90264f33305004495a9","hash":"4354041777d1b8d708d3b399004d58a488cb357b"}
,"C:\\CC\\Code\\Bank-App\\utils\\validation.js": {"path":"C:\\CC\\Code\\Bank-App\\utils\\validation.js","statementMap":{"0":{"start":{"line":1,"column":17},"end":{"line":3,"column":1}},"1":{"start":{"line":2,"column":4},"end":{"line":2,"column":41}},"2":{"start":{"line":5,"column":33},"end":{"line":9,"column":1}},"3":{"start":{"line":6,"column":4},"end":{"line":8,"column":6}},"4":{"start":{"line":11,"column":29},"end":{"line":19,"column":1}},"5":{"start":{"line":12,"column":4},"end":{"line":18,"column":6}},"6":{"start":{"line":21,"column":28},"end":{"line":23,"column":1}},"7":{"start":{"line":22,"column":4},"end":{"line":22,"column":40}},"8":{"start":{"line":25,"column":0},"end":{"line":28,"column":2}}},"fnMap":{"0":{"name":"(anonymous_0)","decl":{"start":{"line":1,"column":17},"end":{"line":1,"column":18}},"loc":{"start":{"line":1,"column":27},"end":{"line":3,"column":1}},"line":1},"1":{"name":"(anonymous_1)","decl":{"start":{"line":5,"column":33},"end":{"line":5,"column":34}},"loc":{"start":{"line":5,"column":53},"end":{"line":9,"column":1}},"line":5},"2":{"name":"(anonymous_2)","decl":{"start":{"line":11,"column":29},"end":{"line":11,"column":30}},"loc":{"start":{"line":11,"column":78},"end":{"line":19,"column":1}},"line":11},"3":{"name":"(anonymous_3)","decl":{"start":{"line":21,"column":28},"end":{"line":21,"column":29}},"loc":{"start":{"line":21,"column":58},"end":{"line":23,"column":1}},"line":21}},"branchMap":{"0":{"loc":{"start":{"line":2,"column":11},"end":{"line":2,"column":40}},"type":"binary-expr","locations":[{"start":{"line":2,"column":11},"end":{"line":2,"column":17}},{"start":{"line":2,"column":21},"end":{"line":2,"column":40}}],"line":2},"1":{"loc":{"start":{"line":7,"column":8},"end":{"line":7,"column":79}},"type":"binary-expr","locations":[{"start":{"line":7,"column":8},"end":{"line":7,"column":13}},{"start":{"line":7,"column":17},"end":{"line":7,"column":36}},{"start":{"line":7,"column":40},"end":{"line":7,"column":48}},{"start":{"line":7,"column":52},"end":{"line":7,"column":79}}],"line":7},"2":{"loc":{"start":{"line":13,"column":8},"end":{"line":17,"column":22}},"type":"binary-expr","locations":[{"start":{"line":13,"column":8},"end":{"line":13,"column":48}},{"start":{"line":14,"column":8},"end":{"line":14,"column":22}},{"start":{"line":15,"column":8},"end":{"line":15,"column":24}},{"start":{"line":16,"column":8},"end":{"line":16,"column":24}},{"start":{"line":17,"column":8},"end":{"line":17,"column":22}}],"line":13}},"s":{"0":5,"1":0,"2":5,"3":0,"4":5,"5":0,"6":5,"7":0,"8":5},"f":{"0":0,"1":0,"2":0,"3":0},"b":{"0":[0,0],"1":[0,0,0,0],"2":[0,0,0,0,0]},"_coverageSchema":"1a1c01bbd47fc00a2c39e90264f33305004495a9","hash":"16813417a53e64fa3f33c64f283d8d560c9c4fa7"}
}
