TN:
SF:app.js
FN:70,(anonymous_0)
FN:72,(anonymous_1)
FN:91,requireAdmin
FN:98,(anonymous_3)
FN:105,(anonymous_4)
FN:107,(anonymous_5)
FN:111,(anonymous_6)
FNF:7
FNH:1
FNDA:7,(anonymous_0)
FNDA:0,(anonymous_1)
FNDA:0,requireAdmin
FNDA:0,(anonymous_3)
FNDA:0,(anonymous_4)
FNDA:0,(anonymous_5)
FNDA:0,(anonymous_6)
DA:1,5
DA:2,5
DA:3,5
DA:4,5
DA:5,5
DA:6,5
DA:7,5
DA:8,5
DA:9,5
DA:10,5
DA:11,5
DA:12,5
DA:13,5
DA:14,5
DA:15,5
DA:16,5
DA:18,5
DA:19,5
DA:21,5
DA:23,5
DA:25,5
DA:26,5
DA:43,5
DA:44,5
DA:45,5
DA:47,5
DA:48,5
DA:49,5
DA:50,5
DA:51,5
DA:52,5
DA:53,5
DA:55,5
DA:68,5
DA:70,5
DA:71,7
DA:72,7
DA:74,7
DA:77,0
DA:78,0
DA:82,5
DA:83,5
DA:84,5
DA:85,5
DA:86,5
DA:87,5
DA:88,5
DA:92,0
DA:93,0
DA:94,0
DA:96,0
DA:98,5
DA:99,0
DA:101,5
DA:103,5
DA:104,0
DA:106,0
DA:107,0
DA:108,0
DA:112,0
DA:116,5
LF:61
LH:49
BRDA:68,0,0,5
BRDA:68,0,1,0
BRDA:71,1,0,7
BRDA:71,1,1,0
BRDA:93,2,0,0
BRDA:93,2,1,0
BRDA:93,3,0,0
BRDA:93,3,1,0
BRDA:93,3,2,0
BRDA:103,4,0,0
BRDA:103,4,1,5
BRDA:106,5,0,0
BRDA:106,5,1,0
BRF:13
BRH:3
end_of_record
TN:
SF:controllers\account.controller.js
FN:9,(anonymous_0)
FN:36,(anonymous_1)
FN:84,(anonymous_2)
FN:112,(anonymous_3)
FN:123,(anonymous_4)
FN:212,(anonymous_5)
FN:237,(anonymous_6)
FN:250,(anonymous_7)
FN:256,(anonymous_8)
FN:257,(anonymous_9)
FN:258,(anonymous_10)
FN:273,(anonymous_11)
FN:320,(anonymous_12)
FN:359,(anonymous_13)
FN:382,(anonymous_14)
FN:395,(anonymous_15)
FN:401,(anonymous_16)
FN:402,(anonymous_17)
FN:403,(anonymous_18)
FN:425,(anonymous_19)
FN:464,(anonymous_20)
FN:467,(anonymous_21)
FN:479,(anonymous_22)
FN:485,(anonymous_23)
FN:486,(anonymous_24)
FN:487,(anonymous_25)
FN:539,(anonymous_26)
FNF:27
FNH:19
FNDA:0,(anonymous_0)
FNDA:0,(anonymous_1)
FNDA:0,(anonymous_2)
FNDA:0,(anonymous_3)
FNDA:0,(anonymous_4)
FNDA:1,(anonymous_5)
FNDA:2,(anonymous_6)
FNDA:1,(anonymous_7)
FNDA:1,(anonymous_8)
FNDA:1,(anonymous_9)
FNDA:2,(anonymous_10)
FNDA:0,(anonymous_11)
FNDA:1,(anonymous_12)
FNDA:0,(anonymous_13)
FNDA:1,(anonymous_14)
FNDA:1,(anonymous_15)
FNDA:1,(anonymous_16)
FNDA:1,(anonymous_17)
FNDA:1,(anonymous_18)
FNDA:1,(anonymous_19)
FNDA:0,(anonymous_20)
FNDA:1,(anonymous_21)
FNDA:1,(anonymous_22)
FNDA:1,(anonymous_23)
FNDA:1,(anonymous_24)
FNDA:1,(anonymous_25)
FNDA:1,(anonymous_26)
DA:1,5
DA:2,5
DA:3,5
DA:4,5
DA:5,5
DA:6,5
DA:7,5
DA:9,5
DA:10,0
DA:11,0
DA:15,0
DA:16,0
DA:18,0
DA:19,0
DA:21,0
DA:22,0
DA:29,0
DA:36,5
DA:37,0
DA:38,0
DA:39,0
DA:40,0
DA:45,0
DA:46,0
DA:49,0
DA:50,0
DA:51,0
DA:58,0
DA:66,0
DA:67,0
DA:68,0
DA:74,0
DA:77,0
DA:79,0
DA:80,0
DA:84,5
DA:85,0
DA:86,0
DA:90,0
DA:91,0
DA:93,0
DA:94,0
DA:96,0
DA:97,0
DA:104,0
DA:112,5
DA:113,0
DA:114,0
DA:115,0
DA:118,0
DA:120,0
DA:123,5
DA:124,0
DA:125,0
DA:126,0
DA:127,0
DA:128,0
DA:132,0
DA:133,0
DA:135,0
DA:139,0
DA:140,0
DA:142,0
DA:143,0
DA:145,0
DA:146,0
DA:148,0
DA:149,0
DA:150,0
DA:152,0
DA:153,0
DA:154,0
DA:155,0
DA:156,0
DA:164,0
DA:166,0
DA:173,0
DA:181,0
DA:182,0
DA:183,0
DA:189,0
DA:191,0
DA:195,0
DA:196,0
DA:197,0
DA:203,0
DA:206,0
DA:208,0
DA:209,0
DA:212,5
DA:213,1
DA:214,1
DA:218,1
DA:219,0
DA:221,1
DA:222,0
DA:224,1
DA:228,1
DA:236,1
DA:237,1
DA:238,2
DA:239,2
DA:240,2
DA:241,2
DA:242,2
DA:243,2
DA:245,1
DA:250,1
DA:251,1
DA:256,1
DA:257,1
DA:258,1
DA:259,2
DA:260,2
DA:261,1
DA:262,1
DA:263,1
DA:266,1
DA:273,5
DA:274,0
DA:275,0
DA:276,0
DA:280,0
DA:281,0
DA:282,0
DA:284,0
DA:285,0
DA:287,0
DA:291,0
DA:292,0
DA:294,0
DA:298,0
DA:299,0
DA:301,0
DA:305,0
DA:306,0
DA:308,0
DA:317,0
DA:320,5
DA:321,1
DA:322,1
DA:326,1
DA:327,0
DA:329,1
DA:330,0
DA:332,1
DA:335,1
DA:340,0
DA:349,1
DA:359,1
DA:360,1
DA:361,1
DA:365,1
DA:373,1
DA:381,1
DA:382,1
DA:383,1
DA:384,1
DA:385,1
DA:386,1
DA:387,1
DA:390,1
DA:395,1
DA:396,1
DA:401,1
DA:402,1
DA:403,1
DA:404,1
DA:405,1
DA:406,1
DA:407,1
DA:408,1
DA:409,1
DA:410,1
DA:414,1
DA:415,1
DA:416,1
DA:425,5
DA:426,1
DA:427,1
DA:431,1
DA:432,0
DA:434,1
DA:435,0
DA:437,1
DA:440,1
DA:445,0
DA:454,1
DA:464,1
DA:466,1
DA:467,1
DA:468,1
DA:469,1
DA:470,1
DA:471,1
DA:472,1
DA:474,1
DA:479,1
DA:480,1
DA:485,1
DA:486,1
DA:487,1
DA:488,1
DA:489,1
DA:490,1
DA:491,1
DA:492,1
DA:493,1
DA:494,1
DA:497,1
DA:498,1
DA:500,1
DA:501,1
DA:502,1
DA:506,1
DA:508,1
DA:509,1
DA:510,1
DA:513,1
DA:514,1
DA:516,1
DA:517,1
DA:518,1
DA:526,1
DA:527,1
DA:528,1
DA:529,1
DA:530,1
DA:537,1
DA:538,1
DA:539,1
DA:540,1
DA:541,0
DA:542,0
DA:544,1
DA:549,1
DA:552,1
DA:554,5
LF:238
LH:132
BRDA:15,0,0,0
BRDA:15,0,1,0
BRDA:18,1,0,0
BRDA:18,1,1,0
BRDA:21,2,0,0
BRDA:21,2,1,0
BRDA:45,3,0,0
BRDA:45,3,1,0
BRDA:90,4,0,0
BRDA:90,4,1,0
BRDA:93,5,0,0
BRDA:93,5,1,0
BRDA:96,6,0,0
BRDA:96,6,1,0
BRDA:114,7,0,0
BRDA:114,7,1,0
BRDA:132,8,0,0
BRDA:132,8,1,0
BRDA:139,9,0,0
BRDA:139,9,1,0
BRDA:142,10,0,0
BRDA:142,10,1,0
BRDA:145,11,0,0
BRDA:145,11,1,0
BRDA:149,12,0,0
BRDA:149,12,1,0
BRDA:195,13,0,0
BRDA:195,13,1,0
BRDA:195,14,0,0
BRDA:195,14,1,0
BRDA:218,15,0,0
BRDA:218,15,1,1
BRDA:221,16,0,0
BRDA:221,16,1,1
BRDA:239,17,0,2
BRDA:239,17,1,0
BRDA:240,18,0,2
BRDA:240,18,1,0
BRDA:243,19,0,2
BRDA:243,19,1,0
BRDA:260,20,0,1
BRDA:260,20,1,1
BRDA:262,21,0,1
BRDA:262,21,1,0
BRDA:263,22,0,1
BRDA:263,22,1,0
BRDA:281,23,0,0
BRDA:281,23,1,0
BRDA:284,24,0,0
BRDA:284,24,1,0
BRDA:291,25,0,0
BRDA:291,25,1,0
BRDA:298,26,0,0
BRDA:298,26,1,0
BRDA:305,27,0,0
BRDA:305,27,1,0
BRDA:326,28,0,0
BRDA:326,28,1,1
BRDA:329,29,0,0
BRDA:329,29,1,1
BRDA:335,30,0,0
BRDA:335,30,1,1
BRDA:336,31,0,1
BRDA:336,31,1,1
BRDA:336,31,2,1
BRDA:386,32,0,1
BRDA:386,32,1,0
BRDA:387,33,0,1
BRDA:387,33,1,0
BRDA:405,34,0,1
BRDA:405,34,1,0
BRDA:407,35,0,1
BRDA:407,35,1,0
BRDA:409,36,0,1
BRDA:409,36,1,0
BRDA:410,37,0,1
BRDA:410,37,1,0
BRDA:431,38,0,0
BRDA:431,38,1,1
BRDA:434,39,0,0
BRDA:434,39,1,1
BRDA:440,40,0,0
BRDA:440,40,1,1
BRDA:441,41,0,1
BRDA:441,41,1,1
BRDA:441,41,2,1
BRDA:471,42,0,1
BRDA:471,42,1,0
BRDA:472,43,0,1
BRDA:472,43,1,0
BRDA:489,44,0,1
BRDA:489,44,1,0
BRDA:491,45,0,1
BRDA:491,45,1,0
BRDA:493,46,0,1
BRDA:493,46,1,0
BRDA:494,47,0,1
BRDA:494,47,1,0
BRDA:540,48,0,0
BRDA:540,48,1,1
BRDA:547,49,0,1
BRDA:547,49,1,0
BRDA:548,50,0,1
BRDA:548,50,1,0
BRF:104
BRH:36
end_of_record
TN:
SF:controllers\auth.controller.js
FN:16,getSignup
FN:55,getLogin
FN:83,login
FN:138,getEnable2FA
FN:142,(anonymous_4)
FN:154,enable2FA
FN:174,(anonymous_6)
FN:188,getVerify2FA
FN:197,verify2FA
FN:230,logout
FN:235,createUserAndAccount
FN:290,verifyEmail
FN:327,(anonymous_12)
FNF:13
FNH:1
FNDA:0,getSignup
FNDA:0,getLogin
FNDA:1,login
FNDA:0,getEnable2FA
FNDA:0,(anonymous_4)
FNDA:0,enable2FA
FNDA:0,(anonymous_6)
FNDA:0,getVerify2FA
FNDA:0,verify2FA
FNDA:0,logout
FNDA:0,createUserAndAccount
FNDA:0,verifyEmail
FNDA:0,(anonymous_12)
DA:1,5
DA:2,5
DA:3,5
DA:4,5
DA:5,5
DA:6,5
DA:7,5
DA:8,5
DA:9,5
DA:10,5
DA:11,5
DA:12,5
DA:13,5
DA:14,5
DA:17,0
DA:24,0
DA:39,0
DA:56,0
DA:62,0
DA:72,0
DA:84,1
DA:85,1
DA:86,1
DA:88,1
DA:89,1
DA:91,0
DA:92,0
DA:95,1
DA:96,0
DA:104,1
DA:105,1
DA:110,0
DA:113,0
DA:114,0
DA:122,0
DA:123,0
DA:124,0
DA:127,0
DA:130,0
DA:135,0
DA:139,0
DA:142,0
DA:143,0
DA:155,0
DA:156,0
DA:162,0
DA:163,0
DA:170,0
DA:172,0
DA:175,0
DA:189,0
DA:198,0
DA:199,0
DA:204,0
DA:210,0
DA:211,0
DA:214,0
DA:219,0
DA:221,0
DA:231,0
DA:232,0
DA:237,0
DA:239,0
DA:240,0
DA:245,0
DA:255,0
DA:256,0
DA:257,0
DA:258,0
DA:263,0
DA:264,0
DA:265,0
DA:267,0
DA:268,0
DA:269,0
DA:275,0
DA:279,0
DA:283,0
DA:286,0
DA:291,0
DA:293,0
DA:295,0
DA:296,0
DA:297,0
DA:301,0
DA:302,0
DA:307,0
DA:308,0
DA:313,0
DA:321,0
DA:323,0
DA:327,5
DA:328,0
DA:332,5
LF:94
LH:24
BRDA:17,0,0,0
BRDA:17,0,1,0
BRDA:18,1,0,0
BRDA:18,1,1,0
BRDA:18,1,2,0
BRDA:18,1,3,0
BRDA:18,1,4,0
BRDA:56,2,0,0
BRDA:56,2,1,0
BRDA:57,3,0,0
BRDA:57,3,1,0
BRDA:57,3,2,0
BRDA:95,4,0,0
BRDA:95,4,1,1
BRDA:104,5,0,1
BRDA:104,5,1,0
BRDA:113,6,0,0
BRDA:113,6,1,0
BRDA:122,7,0,0
BRDA:122,7,1,0
BRDA:162,8,0,0
BRDA:162,8,1,0
BRDA:210,9,0,0
BRDA:210,9,1,0
BRDA:239,10,0,0
BRDA:239,10,1,0
BRDA:257,11,0,0
BRDA:257,11,1,0
BRDA:264,12,0,0
BRDA:264,12,1,0
BRDA:295,13,0,0
BRDA:295,13,1,0
BRDA:296,14,0,0
BRDA:296,14,1,0
BRDA:307,15,0,0
BRDA:307,15,1,0
BRF:36
BRH:2
end_of_record
TN:
SF:controllers\base.controller.js
FN:3,(anonymous_0)
FN:13,(anonymous_1)
FNF:2
FNH:1
FNDA:2,(anonymous_0)
FNDA:0,(anonymous_1)
DA:1,5
DA:3,5
DA:4,2
DA:5,0
DA:7,2
DA:13,5
DA:14,0
DA:15,0
DA:16,0
DA:19,0
DA:24,0
DA:30,5
LF:12
LH:6
BRDA:4,0,0,0
BRDA:4,0,1,2
BRDA:15,1,0,0
BRDA:15,1,1,0
BRF:4
BRH:1
end_of_record
TN:
SF:middlewares\auth-middleware.js
FN:5,(anonymous_0)
FN:25,(anonymous_1)
FNF:2
FNH:2
FNDA:4,(anonymous_0)
FNDA:1,(anonymous_1)
DA:1,3
DA:2,3
DA:3,3
DA:5,3
DA:6,4
DA:7,4
DA:8,0
DA:9,0
DA:10,0
DA:14,0
DA:16,0
DA:17,0
DA:20,4
DA:22,4
DA:25,3
DA:26,1
DA:27,0
DA:29,1
DA:33,3
LF:19
LH:12
BRDA:7,0,0,0
BRDA:7,0,1,4
BRDA:26,1,0,0
BRDA:26,1,1,1
BRF:4
BRH:2
end_of_record
TN:
SF:middlewares\error-handler.js
FN:3,(anonymous_0)
FNF:1
FNH:0
FNDA:0,(anonymous_0)
DA:1,5
DA:3,5
DA:4,0
DA:5,0
DA:7,0
DA:8,0
DA:9,0
DA:10,0
DA:13,0
DA:19,5
LF:10
LH:3
BRDA:4,0,0,0
BRDA:4,0,1,0
BRDA:5,1,0,0
BRDA:5,1,1,0
BRDA:7,2,0,0
BRDA:7,2,1,0
BRDA:9,3,0,0
BRDA:9,3,1,0
BRF:8
BRH:0
end_of_record
TN:
SF:middlewares\rate-limiter.js
FNF:0
FNH:0
DA:1,5
DA:3,5
DA:12,5
LF:3
LH:3
BRF:0
BRH:0
end_of_record
TN:
SF:models\account.model.js
FN:5,(anonymous_0)
FN:12,(anonymous_1)
FN:18,(anonymous_2)
FN:40,(anonymous_3)
FN:54,(anonymous_4)
FN:70,(anonymous_5)
FN:86,(anonymous_6)
FNF:7
FNH:0
FNDA:0,(anonymous_0)
FNDA:0,(anonymous_1)
FNDA:0,(anonymous_2)
FNDA:0,(anonymous_3)
FNDA:0,(anonymous_4)
FNDA:0,(anonymous_5)
FNDA:0,(anonymous_6)
DA:1,5
DA:2,5
DA:6,0
DA:7,0
DA:8,0
DA:9,0
DA:13,0
DA:14,0
DA:15,0
DA:19,0
DA:20,0
DA:22,0
DA:23,0
DA:24,0
DA:26,0
DA:32,0
DA:33,0
DA:35,0
DA:36,0
DA:41,0
DA:42,0
DA:47,0
DA:49,0
DA:50,0
DA:55,0
DA:56,0
DA:60,0
DA:61,0
DA:63,0
DA:66,0
DA:67,0
DA:71,0
DA:72,0
DA:76,0
DA:77,0
DA:79,0
DA:82,0
DA:83,0
DA:87,0
DA:88,0
DA:92,0
DA:93,0
DA:95,0
DA:98,0
DA:99,0
DA:104,5
LF:46
LH:3
BRDA:7,0,0,0
BRDA:7,0,1,0
BRDA:23,1,0,0
BRDA:23,1,1,0
BRDA:60,2,0,0
BRDA:60,2,1,0
BRDA:76,3,0,0
BRDA:76,3,1,0
BRDA:92,4,0,0
BRDA:92,4,1,0
BRF:10
BRH:0
end_of_record
TN:
SF:models\transaction.model.js
FN:4,(anonymous_0)
FN:13,(anonymous_1)
FN:37,(anonymous_2)
FN:56,(anonymous_3)
FNF:4
FNH:1
FNDA:0,(anonymous_0)
FNDA:0,(anonymous_1)
FNDA:3,(anonymous_2)
FNDA:0,(anonymous_3)
DA:1,5
DA:5,0
DA:6,0
DA:7,0
DA:8,0
DA:9,0
DA:10,0
DA:14,0
DA:15,0
DA:16,0
DA:19,0
DA:28,0
DA:30,0
DA:32,0
DA:33,0
DA:38,3
DA:39,3
DA:49,3
DA:51,0
DA:52,0
DA:57,0
DA:58,0
DA:59,0
DA:61,0
DA:62,0
DA:67,5
LF:26
LH:5
BRDA:15,0,0,0
BRDA:15,0,1,0
BRF:2
BRH:0
end_of_record
TN:
SF:models\user.model.js
FN:6,(anonymous_0)
FN:20,(anonymous_1)
FN:23,(anonymous_2)
FN:26,(anonymous_3)
FN:37,(anonymous_4)
FN:65,(anonymous_5)
FN:68,(anonymous_6)
FN:72,(anonymous_7)
FNF:8
FNH:2
FNDA:1,(anonymous_0)
FNDA:1,(anonymous_1)
FNDA:0,(anonymous_2)
FNDA:0,(anonymous_3)
FNDA:0,(anonymous_4)
FNDA:0,(anonymous_5)
FNDA:0,(anonymous_6)
FNDA:0,(anonymous_7)
DA:1,5
DA:2,5
DA:3,5
DA:7,1
DA:8,1
DA:9,1
DA:10,1
DA:11,1
DA:16,1
DA:17,1
DA:21,1
DA:24,0
DA:27,0
DA:28,0
DA:29,0
DA:31,0
DA:32,0
DA:38,0
DA:39,0
DA:40,0
DA:45,0
DA:46,0
DA:56,0
DA:58,0
DA:60,0
DA:61,0
DA:66,0
DA:69,0
DA:70,0
DA:73,0
DA:74,0
DA:75,0
DA:79,5
LF:33
LH:12
BRDA:74,0,0,0
BRDA:74,0,1,0
BRF:2
BRH:0
end_of_record
TN:
SF:routes\account.routes.js
FNF:0
FNH:0
DA:1,5
DA:2,5
DA:4,5
DA:6,5
DA:8,5
DA:10,5
DA:17,5
DA:24,5
DA:30,5
DA:37,5
DA:43,5
DA:49,5
DA:55,5
DA:61,5
LF:14
LH:14
BRF:0
BRH:0
end_of_record
TN:
SF:routes\admin-linkage.routes.js
FN:7,requireAdmin
FN:15,(anonymous_1)
FNF:2
FNH:0
FNDA:0,requireAdmin
FNDA:0,(anonymous_1)
DA:1,5
DA:2,5
DA:3,5
DA:5,5
DA:8,0
DA:9,0
DA:10,0
DA:12,0
DA:15,5
DA:16,0
DA:17,0
DA:18,0
DA:19,0
DA:27,5
LF:14
LH:6
BRDA:9,0,0,0
BRDA:9,0,1,0
BRDA:9,1,0,0
BRDA:9,1,1,0
BRDA:9,1,2,0
BRF:5
BRH:0
end_of_record
TN:
SF:routes\admin.routes.js
FN:7,requireAdmin
FN:18,(anonymous_1)
FN:22,(anonymous_2)
FNF:3
FNH:0
FNDA:0,requireAdmin
FNDA:0,(anonymous_1)
FNDA:0,(anonymous_2)
DA:1,5
DA:2,5
DA:3,5
DA:5,5
DA:8,0
DA:9,0
DA:10,0
DA:12,0
DA:13,0
DA:15,0
DA:18,5
DA:19,0
DA:22,5
DA:23,0
DA:24,0
DA:25,0
DA:26,0
DA:28,0
DA:32,5
LF:19
LH:7
BRDA:9,0,0,0
BRDA:9,0,1,0
BRDA:12,1,0,0
BRDA:12,1,1,0
BRDA:12,2,0,0
BRDA:12,2,1,0
BRDA:25,3,0,0
BRDA:25,3,1,0
BRDA:25,4,0,0
BRDA:25,4,1,0
BRF:10
BRH:0
end_of_record
TN:
SF:routes\auth.routes.js
FNF:0
FNH:0
DA:1,5
DA:2,5
DA:3,5
DA:4,5
DA:6,5
DA:8,5
DA:9,5
DA:10,5
DA:12,5
DA:13,5
DA:15,5
DA:16,5
DA:18,5
DA:19,5
DA:21,5
DA:23,5
LF:16
LH:16
BRF:0
BRH:0
end_of_record
TN:
SF:routes\base.routes.js
FN:8,(anonymous_0)
FNF:1
FNH:1
FNDA:2,(anonymous_0)
DA:1,5
DA:2,5
DA:3,5
DA:4,5
DA:5,5
DA:7,5
DA:8,5
DA:9,2
DA:10,2
DA:13,5
DA:19,5
LF:11
LH:11
BRF:0
BRH:0
end_of_record
TN:
SF:routes\health.routes.js
FN:7,(anonymous_0)
FN:12,(anonymous_1)
FNF:2
FNH:0
FNDA:0,(anonymous_0)
FNDA:0,(anonymous_1)
DA:1,5
DA:2,5
DA:4,5
DA:7,5
DA:8,0
DA:12,5
DA:13,0
DA:14,0
DA:15,0
DA:22,5
LF:10
LH:6
BRDA:14,0,0,0
BRDA:14,0,1,0
BRDA:17,1,0,0
BRDA:17,1,1,0
BRDA:18,2,0,0
BRDA:18,2,1,0
BRF:6
BRH:0
end_of_record
TN:
SF:utils\controller-utils.js
FN:1,redirectWithError
FNF:1
FNH:0
FNDA:0,redirectWithError
DA:2,0
DA:3,0
DA:4,0
DA:5,0
DA:6,0
DA:10,0
DA:13,5
LF:7
LH:1
BRDA:3,0,0,0
BRDA:3,0,1,0
BRDA:5,1,0,0
BRDA:5,1,1,0
BRDA:5,2,0,0
BRDA:5,2,1,0
BRF:6
BRH:0
end_of_record
TN:
SF:utils\email.js
FN:27,sendEmail
FN:44,verifyEmailTransport
FNF:2
FNH:0
FNDA:0,sendEmail
FNDA:0,verifyEmailTransport
DA:1,4
DA:3,4
DA:11,4
DA:12,20
DA:13,0
DA:17,4
DA:28,0
DA:35,0
DA:36,0
DA:38,0
DA:39,0
DA:44,4
DA:45,0
DA:46,0
DA:47,0
DA:49,0
DA:50,0
DA:54,4
LF:18
LH:7
BRDA:12,0,0,0
BRDA:12,0,1,20
BRDA:19,1,0,4
BRDA:19,1,1,0
BRF:4
BRH:2
end_of_record
TN:
SF:utils\logger.js
FN:2,logInfo
FN:6,logError
FNF:2
FNH:0
FNDA:0,logInfo
FNDA:0,logError
DA:3,0
DA:7,0
DA:10,5
LF:3
LH:1
BRDA:3,0,0,0
BRDA:3,0,1,0
BRDA:7,1,0,0
BRDA:7,1,1,0
BRF:4
BRH:0
end_of_record
TN:
SF:utils\validation.js
FN:1,(anonymous_0)
FN:5,(anonymous_1)
FN:11,(anonymous_2)
FN:21,(anonymous_3)
FNF:4
FNH:0
FNDA:0,(anonymous_0)
FNDA:0,(anonymous_1)
FNDA:0,(anonymous_2)
FNDA:0,(anonymous_3)
DA:1,5
DA:2,0
DA:5,5
DA:6,0
DA:11,5
DA:12,0
DA:21,5
DA:22,0
DA:25,5
LF:9
LH:5
BRDA:2,0,0,0
BRDA:2,0,1,0
BRDA:7,1,0,0
BRDA:7,1,1,0
BRDA:7,1,2,0
BRDA:7,1,3,0
BRDA:13,2,0,0
BRDA:13,2,1,0
BRDA:13,2,2,0
BRDA:13,2,3,0
BRDA:13,2,4,0
BRF:11
BRH:0
end_of_record
